{"total": {"lines":{"total":60916,"covered":1184,"skipped":0,"pct":1.94},"statements":{"total":60916,"covered":1184,"skipped":0,"pct":1.94},"functions":{"total":821,"covered":62,"skipped":0,"pct":7.55},"branches":{"total":731,"covered":140,"skipped":0,"pct":19.15},"branchesTrue":{"total":0,"covered":0,"skipped":0,"pct":100}}
,"C:\\Users\\Lenovo LEGION 5\\OneDrive\\Desktop\\SWT_TESTING\\pickleball-booking-system-main\\playwright.config.ts": {"lines":{"total":80,"covered":0,"skipped":0,"pct":0},"functions":{"total":1,"covered":0,"skipped":0,"pct":0},"statements":{"total":80,"covered":0,"skipped":0,"pct":0},"branches":{"total":1,"covered":0,"skipped":0,"pct":0}}
,"C:\\Users\\Lenovo LEGION 5\\OneDrive\\Desktop\\SWT_TESTING\\pickleball-booking-system-main\\vitest.config.ts": {"lines":{"total":26,"covered":0,"skipped":0,"pct":0},"functions":{"total":1,"covered":0,"skipped":0,"pct":0},"statements":{"total":26,"covered":0,"skipped":0,"pct":0},"branches":{"total":1,"covered":0,"skipped":0,"pct":0}}
,"C:\\Users\\Lenovo LEGION 5\\OneDrive\\Desktop\\SWT_TESTING\\pickleball-booking-system-main\\vitest.workspace.ts": {"lines":{"total":46,"covered":0,"skipped":0,"pct":0},"functions":{"total":1,"covered":0,"skipped":0,"pct":0},"statements":{"total":46,"covered":0,"skipped":0,"pct":0},"branches":{"total":1,"covered":0,"skipped":0,"pct":0}}
,"C:\\Users\\Lenovo LEGION 5\\OneDrive\\Desktop\\SWT_TESTING\\pickleball-booking-system-main\\ai-service\\.venv\\Lib\\site-packages\\urllib3\\contrib\\emscripten\\emscripten_fetch_worker.js": {"lines":{"total":110,"covered":0,"skipped":0,"pct":0},"functions":{"total":1,"covered":0,"skipped":0,"pct":0},"statements":{"total":110,"covered":0,"skipped":0,"pct":0},"branches":{"total":1,"covered":0,"skipped":0,"pct":0}}
,"C:\\Users\\Lenovo LEGION 5\\OneDrive\\Desktop\\SWT_TESTING\\pickleball-booking-system-main\\backend\\next-env.d.ts": {"lines":{"total":6,"covered":0,"skipped":0,"pct":0},"functions":{"total":1,"covered":0,"skipped":0,"pct":0},"statements":{"total":6,"covered":0,"skipped":0,"pct":0},"branches":{"total":1,"covered":0,"skipped":0,"pct":0}}
,"C:\\Users\\Lenovo LEGION 5\\OneDrive\\Desktop\\SWT_TESTING\\pickleball-booking-system-main\\backend\\next.config.ts": {"lines":{"total":28,"covered":0,"skipped":0,"pct":0},"functions":{"total":1,"covered":0,"skipped":0,"pct":0},"statements":{"total":28,"covered":0,"skipped":0,"pct":0},"branches":{"total":1,"covered":0,"skipped":0,"pct":0}}
,"C:\\Users\\Lenovo LEGION 5\\OneDrive\\Desktop\\SWT_TESTING\\pickleball-booking-system-main\\backend\\query-slots.js": {"lines":{"total":35,"covered":0,"skipped":0,"pct":0},"functions":{"total":1,"covered":0,"skipped":0,"pct":0},"statements":{"total":35,"covered":0,"skipped":0,"pct":0},"branches":{"total":1,"covered":0,"skipped":0,"pct":0}}
,"C:\\Users\\Lenovo LEGION 5\\OneDrive\\Desktop\\SWT_TESTING\\pickleball-booking-system-main\\backend\\scripts\\check-db.js": {"lines":{"total":27,"covered":0,"skipped":0,"pct":0},"functions":{"total":1,"covered":0,"skipped":0,"pct":0},"statements":{"total":27,"covered":0,"skipped":0,"pct":0},"branches":{"total":1,"covered":0,"skipped":0,"pct":0}}
,"C:\\Users\\Lenovo LEGION 5\\OneDrive\\Desktop\\SWT_TESTING\\pickleball-booking-system-main\\backend\\scripts\\fix_db.js": {"lines":{"total":56,"covered":0,"skipped":0,"pct":0},"functions":{"total":1,"covered":0,"skipped":0,"pct":0},"statements":{"total":56,"covered":0,"skipped":0,"pct":0},"branches":{"total":1,"covered":0,"skipped":0,"pct":0}}
,"C:\\Users\\Lenovo LEGION 5\\OneDrive\\Desktop\\SWT_TESTING\\pickleball-booking-system-main\\backend\\scripts\\fix_payments_constraint.js": {"lines":{"total":54,"covered":0,"skipped":0,"pct":0},"functions":{"total":1,"covered":0,"skipped":0,"pct":0},"statements":{"total":54,"covered":0,"skipped":0,"pct":0},"branches":{"total":1,"covered":0,"skipped":0,"pct":0}}
,"C:\\Users\\Lenovo LEGION 5\\OneDrive\\Desktop\\SWT_TESTING\\pickleball-booking-system-main\\backend\\scripts\\fix_refunds_constraint.js": {"lines":{"total":58,"covered":0,"skipped":0,"pct":0},"functions":{"total":1,"covered":0,"skipped":0,"pct":0},"statements":{"total":58,"covered":0,"skipped":0,"pct":0},"branches":{"total":1,"covered":0,"skipped":0,"pct":0}}
,"C:\\Users\\Lenovo LEGION 5\\OneDrive\\Desktop\\SWT_TESTING\\pickleball-booking-system-main\\backend\\scripts\\gen-hash.js": {"lines":{"total":39,"covered":0,"skipped":0,"pct":0},"functions":{"total":1,"covered":0,"skipped":0,"pct":0},"statements":{"total":39,"covered":0,"skipped":0,"pct":0},"branches":{"total":1,"covered":0,"skipped":0,"pct":0}}
,"C:\\Users\\Lenovo LEGION 5\\OneDrive\\Desktop\\SWT_TESTING\\pickleball-booking-system-main\\backend\\scripts\\gen-token.js": {"lines":{"total":6,"covered":0,"skipped":0,"pct":0},"functions":{"total":1,"covered":0,"skipped":0,"pct":0},"statements":{"total":6,"covered":0,"skipped":0,"pct":0},"branches":{"total":1,"covered":0,"skipped":0,"pct":0}}
,"C:\\Users\\Lenovo LEGION 5\\OneDrive\\Desktop\\SWT_TESTING\\pickleball-booking-system-main\\backend\\scripts\\gen_coach_update_sql.js": {"lines":{"total":85,"covered":0,"skipped":0,"pct":0},"functions":{"total":1,"covered":0,"skipped":0,"pct":0},"statements":{"total":85,"covered":0,"skipped":0,"pct":0},"branches":{"total":1,"covered":0,"skipped":0,"pct":0}}
,"C:\\Users\\Lenovo LEGION 5\\OneDrive\\Desktop\\SWT_TESTING\\pickleball-booking-system-main\\backend\\scripts\\generate-momo-webhook.js": {"lines":{"total":79,"covered":0,"skipped":0,"pct":0},"functions":{"total":1,"covered":0,"skipped":0,"pct":0},"statements":{"total":79,"covered":0,"skipped":0,"pct":0},"branches":{"total":1,"covered":0,"skipped":0,"pct":0}}
,"C:\\Users\\Lenovo LEGION 5\\OneDrive\\Desktop\\SWT_TESTING\\pickleball-booking-system-main\\backend\\scripts\\generate-payos-webhook.js": {"lines":{"total":88,"covered":0,"skipped":0,"pct":0},"functions":{"total":1,"covered":0,"skipped":0,"pct":0},"statements":{"total":88,"covered":0,"skipped":0,"pct":0},"branches":{"total":1,"covered":0,"skipped":0,"pct":0}}
,"C:\\Users\\Lenovo LEGION 5\\OneDrive\\Desktop\\SWT_TESTING\\pickleball-booking-system-main\\backend\\scripts\\get_coach_details.js": {"lines":{"total":39,"covered":0,"skipped":0,"pct":0},"functions":{"total":1,"covered":0,"skipped":0,"pct":0},"statements":{"total":39,"covered":0,"skipped":0,"pct":0},"branches":{"total":1,"covered":0,"skipped":0,"pct":0}}
,"C:\\Users\\Lenovo LEGION 5\\OneDrive\\Desktop\\SWT_TESTING\\pickleball-booking-system-main\\backend\\scripts\\insert-coach-booking.js": {"lines":{"total":132,"covered":0,"skipped":0,"pct":0},"functions":{"total":1,"covered":0,"skipped":0,"pct":0},"statements":{"total":132,"covered":0,"skipped":0,"pct":0},"branches":{"total":1,"covered":0,"skipped":0,"pct":0}}
,"C:\\Users\\Lenovo LEGION 5\\OneDrive\\Desktop\\SWT_TESTING\\pickleball-booking-system-main\\backend\\scripts\\insert-dummy-data.js": {"lines":{"total":230,"covered":0,"skipped":0,"pct":0},"functions":{"total":1,"covered":0,"skipped":0,"pct":0},"statements":{"total":230,"covered":0,"skipped":0,"pct":0},"branches":{"total":1,"covered":0,"skipped":0,"pct":0}}
,"C:\\Users\\Lenovo LEGION 5\\OneDrive\\Desktop\\SWT_TESTING\\pickleball-booking-system-main\\backend\\scripts\\inspect-refunds-constraint.js": {"lines":{"total":33,"covered":0,"skipped":0,"pct":0},"functions":{"total":1,"covered":0,"skipped":0,"pct":0},"statements":{"total":33,"covered":0,"skipped":0,"pct":0},"branches":{"total":1,"covered":0,"skipped":0,"pct":0}}
,"C:\\Users\\Lenovo LEGION 5\\OneDrive\\Desktop\\SWT_TESTING\\pickleball-booking-system-main\\backend\\scripts\\list-pending-payments.js": {"lines":{"total":45,"covered":0,"skipped":0,"pct":0},"functions":{"total":1,"covered":0,"skipped":0,"pct":0},"statements":{"total":45,"covered":0,"skipped":0,"pct":0},"branches":{"total":1,"covered":0,"skipped":0,"pct":0}}
,"C:\\Users\\Lenovo LEGION 5\\OneDrive\\Desktop\\SWT_TESTING\\pickleball-booking-system-main\\backend\\scripts\\list-users.js": {"lines":{"total":27,"covered":0,"skipped":0,"pct":0},"functions":{"total":1,"covered":0,"skipped":0,"pct":0},"statements":{"total":27,"covered":0,"skipped":0,"pct":0},"branches":{"total":1,"covered":0,"skipped":0,"pct":0}}
,"C:\\Users\\Lenovo LEGION 5\\OneDrive\\Desktop\\SWT_TESTING\\pickleball-booking-system-main\\backend\\scripts\\list_coaches.js": {"lines":{"total":41,"covered":0,"skipped":0,"pct":0},"functions":{"total":1,"covered":0,"skipped":0,"pct":0},"statements":{"total":41,"covered":0,"skipped":0,"pct":0},"branches":{"total":1,"covered":0,"skipped":0,"pct":0}}
,"C:\\Users\\Lenovo LEGION 5\\OneDrive\\Desktop\\SWT_TESTING\\pickleball-booking-system-main\\backend\\scripts\\list_constraints.js": {"lines":{"total":30,"covered":0,"skipped":0,"pct":0},"functions":{"total":1,"covered":0,"skipped":0,"pct":0},"statements":{"total":30,"covered":0,"skipped":0,"pct":0},"branches":{"total":1,"covered":0,"skipped":0,"pct":0}}
,"C:\\Users\\Lenovo LEGION 5\\OneDrive\\Desktop\\SWT_TESTING\\pickleball-booking-system-main\\backend\\scripts\\prepare-test-booking.js": {"lines":{"total":60,"covered":0,"skipped":0,"pct":0},"functions":{"total":1,"covered":0,"skipped":0,"pct":0},"statements":{"total":60,"covered":0,"skipped":0,"pct":0},"branches":{"total":1,"covered":0,"skipped":0,"pct":0}}
,"C:\\Users\\Lenovo LEGION 5\\OneDrive\\Desktop\\SWT_TESTING\\pickleball-booking-system-main\\backend\\scripts\\scrape-admin-data.js": {"lines":{"total":177,"covered":0,"skipped":0,"pct":0},"functions":{"total":1,"covered":0,"skipped":0,"pct":0},"statements":{"total":177,"covered":0,"skipped":0,"pct":0},"branches":{"total":1,"covered":0,"skipped":0,"pct":0}}
,"C:\\Users\\Lenovo LEGION 5\\OneDrive\\Desktop\\SWT_TESTING\\pickleball-booking-system-main\\backend\\scripts\\seed_5_users.js": {"lines":{"total":86,"covered":0,"skipped":0,"pct":0},"functions":{"total":1,"covered":0,"skipped":0,"pct":0},"statements":{"total":86,"covered":0,"skipped":0,"pct":0},"branches":{"total":1,"covered":0,"skipped":0,"pct":0}}
,"C:\\Users\\Lenovo LEGION 5\\OneDrive\\Desktop\\SWT_TESTING\\pickleball-booking-system-main\\backend\\scripts\\test-chatbot.ts": {"lines":{"total":233,"covered":0,"skipped":0,"pct":0},"functions":{"total":1,"covered":0,"skipped":0,"pct":0},"statements":{"total":233,"covered":0,"skipped":0,"pct":0},"branches":{"total":1,"covered":0,"skipped":0,"pct":0}}
,"C:\\Users\\Lenovo LEGION 5\\OneDrive\\Desktop\\SWT_TESTING\\pickleball-booking-system-main\\backend\\scripts\\test-matching.ts": {"lines":{"total":300,"covered":0,"skipped":0,"pct":0},"functions":{"total":1,"covered":0,"skipped":0,"pct":0},"statements":{"total":300,"covered":0,"skipped":0,"pct":0},"branches":{"total":1,"covered":0,"skipped":0,"pct":0}}
,"C:\\Users\\Lenovo LEGION 5\\OneDrive\\Desktop\\SWT_TESTING\\pickleball-booking-system-main\\backend\\scripts\\trigger-webhook.js": {"lines":{"total":52,"covered":0,"skipped":0,"pct":0},"functions":{"total":1,"covered":0,"skipped":0,"pct":0},"statements":{"total":52,"covered":0,"skipped":0,"pct":0},"branches":{"total":1,"covered":0,"skipped":0,"pct":0}}
,"C:\\Users\\Lenovo LEGION 5\\OneDrive\\Desktop\\SWT_TESTING\\pickleball-booking-system-main\\backend\\src\\proxy.ts": {"lines":{"total":31,"covered":0,"skipped":0,"pct":0},"functions":{"total":1,"covered":0,"skipped":0,"pct":0},"statements":{"total":31,"covered":0,"skipped":0,"pct":0},"branches":{"total":1,"covered":0,"skipped":0,"pct":0}}
,"C:\\Users\\Lenovo LEGION 5\\OneDrive\\Desktop\\SWT_TESTING\\pickleball-booking-system-main\\backend\\src\\app\\api\\[...path]\\route.ts": {"lines":{"total":63,"covered":0,"skipped":0,"pct":0},"functions":{"total":1,"covered":0,"skipped":0,"pct":0},"statements":{"total":63,"covered":0,"skipped":0,"pct":0},"branches":{"total":1,"covered":0,"skipped":0,"pct":0}}
,"C:\\Users\\Lenovo LEGION 5\\OneDrive\\Desktop\\SWT_TESTING\\pickleball-booking-system-main\\backend\\src\\app\\api\\admin\\audit-logs\\route.ts": {"lines":{"total":10,"covered":0,"skipped":0,"pct":0},"functions":{"total":1,"covered":0,"skipped":0,"pct":0},"statements":{"total":10,"covered":0,"skipped":0,"pct":0},"branches":{"total":1,"covered":0,"skipped":0,"pct":0}}
,"C:\\Users\\Lenovo LEGION 5\\OneDrive\\Desktop\\SWT_TESTING\\pickleball-booking-system-main\\backend\\src\\app\\api\\admin\\coaches\\route.ts": {"lines":{"total":13,"covered":0,"skipped":0,"pct":0},"functions":{"total":1,"covered":0,"skipped":0,"pct":0},"statements":{"total":13,"covered":0,"skipped":0,"pct":0},"branches":{"total":1,"covered":0,"skipped":0,"pct":0}}
,"C:\\Users\\Lenovo LEGION 5\\OneDrive\\Desktop\\SWT_TESTING\\pickleball-booking-system-main\\backend\\src\\app\\api\\admin\\coaches\\[coachId]\\status\\route.ts": {"lines":{"total":9,"covered":0,"skipped":0,"pct":0},"functions":{"total":1,"covered":0,"skipped":0,"pct":0},"statements":{"total":9,"covered":0,"skipped":0,"pct":0},"branches":{"total":1,"covered":0,"skipped":0,"pct":0}}
,"C:\\Users\\Lenovo LEGION 5\\OneDrive\\Desktop\\SWT_TESTING\\pickleball-booking-system-main\\backend\\src\\app\\api\\admin\\coaches\\pending\\route.ts": {"lines":{"total":6,"covered":0,"skipped":0,"pct":0},"functions":{"total":1,"covered":0,"skipped":0,"pct":0},"statements":{"total":6,"covered":0,"skipped":0,"pct":0},"branches":{"total":1,"covered":0,"skipped":0,"pct":0}}
,"C:\\Users\\Lenovo LEGION 5\\OneDrive\\Desktop\\SWT_TESTING\\pickleball-booking-system-main\\backend\\src\\app\\api\\admin\\dashboard\\route.ts": {"lines":{"total":6,"covered":0,"skipped":0,"pct":0},"functions":{"total":1,"covered":0,"skipped":0,"pct":0},"statements":{"total":6,"covered":0,"skipped":0,"pct":0},"branches":{"total":1,"covered":0,"skipped":0,"pct":0}}
,"C:\\Users\\Lenovo LEGION 5\\OneDrive\\Desktop\\SWT_TESTING\\pickleball-booking-system-main\\backend\\src\\app\\api\\admin\\maintenance\\backup\\route.ts": {"lines":{"total":10,"covered":0,"skipped":0,"pct":0},"functions":{"total":1,"covered":0,"skipped":0,"pct":0},"statements":{"total":10,"covered":0,"skipped":0,"pct":0},"branches":{"total":1,"covered":0,"skipped":0,"pct":0}}
,"C:\\Users\\Lenovo LEGION 5\\OneDrive\\Desktop\\SWT_TESTING\\pickleball-booking-system-main\\backend\\src\\app\\api\\admin\\maintenance\\history\\route.ts": {"lines":{"total":10,"covered":0,"skipped":0,"pct":0},"functions":{"total":1,"covered":0,"skipped":0,"pct":0},"statements":{"total":10,"covered":0,"skipped":0,"pct":0},"branches":{"total":1,"covered":0,"skipped":0,"pct":0}}
,"C:\\Users\\Lenovo LEGION 5\\OneDrive\\Desktop\\SWT_TESTING\\pickleball-booking-system-main\\backend\\src\\app\\api\\admin\\maintenance\\restore\\route.ts": {"lines":{"total":10,"covered":0,"skipped":0,"pct":0},"functions":{"total":1,"covered":0,"skipped":0,"pct":0},"statements":{"total":10,"covered":0,"skipped":0,"pct":0},"branches":{"total":1,"covered":0,"skipped":0,"pct":0}}
,"C:\\Users\\Lenovo LEGION 5\\OneDrive\\Desktop\\SWT_TESTING\\pickleball-booking-system-main\\backend\\src\\app\\api\\admin\\promotions\\route.ts": {"lines":{"total":13,"covered":0,"skipped":0,"pct":0},"functions":{"total":1,"covered":0,"skipped":0,"pct":0},"statements":{"total":13,"covered":0,"skipped":0,"pct":0},"branches":{"total":1,"covered":0,"skipped":0,"pct":0}}
,"C:\\Users\\Lenovo LEGION 5\\OneDrive\\Desktop\\SWT_TESTING\\pickleball-booking-system-main\\backend\\src\\app\\api\\admin\\promotions\\[id]\\route.ts": {"lines":{"total":21,"covered":0,"skipped":0,"pct":0},"functions":{"total":1,"covered":0,"skipped":0,"pct":0},"statements":{"total":21,"covered":0,"skipped":0,"pct":0},"branches":{"total":1,"covered":0,"skipped":0,"pct":0}}
,"C:\\Users\\Lenovo LEGION 5\\OneDrive\\Desktop\\SWT_TESTING\\pickleball-booking-system-main\\backend\\src\\app\\api\\admin\\promotions\\[id]\\status\\route.ts": {"lines":{"total":10,"covered":0,"skipped":0,"pct":0},"functions":{"total":1,"covered":0,"skipped":0,"pct":0},"statements":{"total":10,"covered":0,"skipped":0,"pct":0},"branches":{"total":1,"covered":0,"skipped":0,"pct":0}}
,"C:\\Users\\Lenovo LEGION 5\\OneDrive\\Desktop\\SWT_TESTING\\pickleball-booking-system-main\\backend\\src\\app\\api\\admin\\promotions\\[id]\\users\\route.ts": {"lines":{"total":21,"covered":0,"skipped":0,"pct":0},"functions":{"total":1,"covered":0,"skipped":0,"pct":0},"statements":{"total":21,"covered":0,"skipped":0,"pct":0},"branches":{"total":1,"covered":0,"skipped":0,"pct":0}}
,"C:\\Users\\Lenovo LEGION 5\\OneDrive\\Desktop\\SWT_TESTING\\pickleball-booking-system-main\\backend\\src\\app\\api\\admin\\promotions\\[id]\\users\\[userId]\\route.ts": {"lines":{"total":10,"covered":0,"skipped":0,"pct":0},"functions":{"total":1,"covered":0,"skipped":0,"pct":0},"statements":{"total":10,"covered":0,"skipped":0,"pct":0},"branches":{"total":1,"covered":0,"skipped":0,"pct":0}}
,"C:\\Users\\Lenovo LEGION 5\\OneDrive\\Desktop\\SWT_TESTING\\pickleball-booking-system-main\\backend\\src\\app\\api\\admin\\reports\\export\\route.ts": {"lines":{"total":21,"covered":0,"skipped":0,"pct":0},"functions":{"total":1,"covered":0,"skipped":0,"pct":0},"statements":{"total":21,"covered":0,"skipped":0,"pct":0},"branches":{"total":1,"covered":0,"skipped":0,"pct":0}}
,"C:\\Users\\Lenovo LEGION 5\\OneDrive\\Desktop\\SWT_TESTING\\pickleball-booking-system-main\\backend\\src\\app\\api\\admin\\reports\\history\\route.ts": {"lines":{"total":21,"covered":0,"skipped":0,"pct":0},"functions":{"total":1,"covered":0,"skipped":0,"pct":0},"statements":{"total":21,"covered":0,"skipped":0,"pct":0},"branches":{"total":1,"covered":0,"skipped":0,"pct":0}}
,"C:\\Users\\Lenovo LEGION 5\\OneDrive\\Desktop\\SWT_TESTING\\pickleball-booking-system-main\\backend\\src\\app\\api\\admin\\revenue\\route.ts": {"lines":{"total":75,"covered":0,"skipped":0,"pct":0},"functions":{"total":1,"covered":0,"skipped":0,"pct":0},"statements":{"total":75,"covered":0,"skipped":0,"pct":0},"branches":{"total":1,"covered":0,"skipped":0,"pct":0}}
,"C:\\Users\\Lenovo LEGION 5\\OneDrive\\Desktop\\SWT_TESTING\\pickleball-booking-system-main\\backend\\src\\app\\api\\admin\\roles\\route.ts": {"lines":{"total":23,"covered":0,"skipped":0,"pct":0},"functions":{"total":1,"covered":0,"skipped":0,"pct":0},"statements":{"total":23,"covered":0,"skipped":0,"pct":0},"branches":{"total":1,"covered":0,"skipped":0,"pct":0}}
,"C:\\Users\\Lenovo LEGION 5\\OneDrive\\Desktop\\SWT_TESTING\\pickleball-booking-system-main\\backend\\src\\app\\api\\admin\\roles\\[id]\\route.ts": {"lines":{"total":54,"covered":0,"skipped":0,"pct":0},"functions":{"total":1,"covered":0,"skipped":0,"pct":0},"statements":{"total":54,"covered":0,"skipped":0,"pct":0},"branches":{"total":1,"covered":0,"skipped":0,"pct":0}}
,"C:\\Users\\Lenovo LEGION 5\\OneDrive\\Desktop\\SWT_TESTING\\pickleball-booking-system-main\\backend\\src\\app\\api\\admin\\settings\\route.ts": {"lines":{"total":13,"covered":0,"skipped":0,"pct":0},"functions":{"total":1,"covered":0,"skipped":0,"pct":0},"statements":{"total":13,"covered":0,"skipped":0,"pct":0},"branches":{"total":1,"covered":0,"skipped":0,"pct":0}}
,"C:\\Users\\Lenovo LEGION 5\\OneDrive\\Desktop\\SWT_TESTING\\pickleball-booking-system-main\\backend\\src\\app\\api\\admin\\settings\\batch\\route.ts": {"lines":{"total":6,"covered":0,"skipped":0,"pct":0},"functions":{"total":1,"covered":0,"skipped":0,"pct":0},"statements":{"total":6,"covered":0,"skipped":0,"pct":0},"branches":{"total":1,"covered":0,"skipped":0,"pct":0}}
,"C:\\Users\\Lenovo LEGION 5\\OneDrive\\Desktop\\SWT_TESTING\\pickleball-booking-system-main\\backend\\src\\app\\api\\admin\\settings\\seed\\route.ts": {"lines":{"total":10,"covered":0,"skipped":0,"pct":0},"functions":{"total":1,"covered":0,"skipped":0,"pct":0},"statements":{"total":10,"covered":0,"skipped":0,"pct":0},"branches":{"total":1,"covered":0,"skipped":0,"pct":0}}
,"C:\\Users\\Lenovo LEGION 5\\OneDrive\\Desktop\\SWT_TESTING\\pickleball-booking-system-main\\backend\\src\\app\\api\\admin\\staff\\route.ts": {"lines":{"total":10,"covered":0,"skipped":0,"pct":0},"functions":{"total":1,"covered":0,"skipped":0,"pct":0},"statements":{"total":10,"covered":0,"skipped":0,"pct":0},"branches":{"total":1,"covered":0,"skipped":0,"pct":0}}
,"C:\\Users\\Lenovo LEGION 5\\OneDrive\\Desktop\\SWT_TESTING\\pickleball-booking-system-main\\backend\\src\\app\\api\\admin\\users\\route.ts": {"lines":{"total":16,"covered":0,"skipped":0,"pct":0},"functions":{"total":1,"covered":0,"skipped":0,"pct":0},"statements":{"total":16,"covered":0,"skipped":0,"pct":0},"branches":{"total":1,"covered":0,"skipped":0,"pct":0}}
,"C:\\Users\\Lenovo LEGION 5\\OneDrive\\Desktop\\SWT_TESTING\\pickleball-booking-system-main\\backend\\src\\app\\api\\admin\\users\\[userId]\\route.ts": {"lines":{"total":52,"covered":0,"skipped":0,"pct":0},"functions":{"total":1,"covered":0,"skipped":0,"pct":0},"statements":{"total":52,"covered":0,"skipped":0,"pct":0},"branches":{"total":1,"covered":0,"skipped":0,"pct":0}}
,"C:\\Users\\Lenovo LEGION 5\\OneDrive\\Desktop\\SWT_TESTING\\pickleball-booking-system-main\\backend\\src\\app\\api\\admin\\users\\[userId]\\bookings\\route.ts": {"lines":{"total":36,"covered":0,"skipped":0,"pct":0},"functions":{"total":1,"covered":0,"skipped":0,"pct":0},"statements":{"total":36,"covered":0,"skipped":0,"pct":0},"branches":{"total":1,"covered":0,"skipped":0,"pct":0}}
,"C:\\Users\\Lenovo LEGION 5\\OneDrive\\Desktop\\SWT_TESTING\\pickleball-booking-system-main\\backend\\src\\app\\api\\admin\\users\\[userId]\\lock\\route.ts": {"lines":{"total":49,"covered":0,"skipped":0,"pct":0},"functions":{"total":1,"covered":0,"skipped":0,"pct":0},"statements":{"total":49,"covered":0,"skipped":0,"pct":0},"branches":{"total":1,"covered":0,"skipped":0,"pct":0}}
,"C:\\Users\\Lenovo LEGION 5\\OneDrive\\Desktop\\SWT_TESTING\\pickleball-booking-system-main\\backend\\src\\app\\api\\admin\\users\\[userId]\\roles\\route.ts": {"lines":{"total":49,"covered":0,"skipped":0,"pct":0},"functions":{"total":1,"covered":0,"skipped":0,"pct":0},"statements":{"total":49,"covered":0,"skipped":0,"pct":0},"branches":{"total":1,"covered":0,"skipped":0,"pct":0}}
,"C:\\Users\\Lenovo LEGION 5\\OneDrive\\Desktop\\SWT_TESTING\\pickleball-booking-system-main\\backend\\src\\app\\api\\admin\\users\\[userId]\\unlock\\route.ts": {"lines":{"total":19,"covered":0,"skipped":0,"pct":0},"functions":{"total":1,"covered":0,"skipped":0,"pct":0},"statements":{"total":19,"covered":0,"skipped":0,"pct":0},"branches":{"total":1,"covered":0,"skipped":0,"pct":0}}
,"C:\\Users\\Lenovo LEGION 5\\OneDrive\\Desktop\\SWT_TESTING\\pickleball-booking-system-main\\backend\\src\\app\\api\\admin\\users\\search\\route.ts": {"lines":{"total":6,"covered":0,"skipped":0,"pct":0},"functions":{"total":1,"covered":0,"skipped":0,"pct":0},"statements":{"total":6,"covered":0,"skipped":0,"pct":0},"branches":{"total":1,"covered":0,"skipped":0,"pct":0}}
,"C:\\Users\\Lenovo LEGION 5\\OneDrive\\Desktop\\SWT_TESTING\\pickleball-booking-system-main\\backend\\src\\app\\api\\ai\\chatbot\\message\\route.ts": {"lines":{"total":29,"covered":0,"skipped":0,"pct":0},"functions":{"total":1,"covered":0,"skipped":0,"pct":0},"statements":{"total":29,"covered":0,"skipped":0,"pct":0},"branches":{"total":1,"covered":0,"skipped":0,"pct":0}}
,"C:\\Users\\Lenovo LEGION 5\\OneDrive\\Desktop\\SWT_TESTING\\pickleball-booking-system-main\\backend\\src\\app\\api\\ai\\coaches\\recommend\\route.ts": {"lines":{"total":13,"covered":0,"skipped":0,"pct":0},"functions":{"total":1,"covered":0,"skipped":0,"pct":0},"statements":{"total":13,"covered":0,"skipped":0,"pct":0},"branches":{"total":1,"covered":0,"skipped":0,"pct":0}}
,"C:\\Users\\Lenovo LEGION 5\\OneDrive\\Desktop\\SWT_TESTING\\pickleball-booking-system-main\\backend\\src\\app\\api\\ai\\players\\match-opponents\\route.ts": {"lines":{"total":25,"covered":0,"skipped":0,"pct":0},"functions":{"total":1,"covered":0,"skipped":0,"pct":0},"statements":{"total":25,"covered":0,"skipped":0,"pct":0},"branches":{"total":1,"covered":0,"skipped":0,"pct":0}}
,"C:\\Users\\Lenovo LEGION 5\\OneDrive\\Desktop\\SWT_TESTING\\pickleball-booking-system-main\\backend\\src\\app\\api\\ai\\players\\match-teammates\\route.ts": {"lines":{"total":24,"covered":0,"skipped":0,"pct":0},"functions":{"total":1,"covered":0,"skipped":0,"pct":0},"statements":{"total":24,"covered":0,"skipped":0,"pct":0},"branches":{"total":1,"covered":0,"skipped":0,"pct":0}}
,"C:\\Users\\Lenovo LEGION 5\\OneDrive\\Desktop\\SWT_TESTING\\pickleball-booking-system-main\\backend\\src\\app\\api\\auth\\forgot-password\\route.ts": {"lines":{"total":6,"covered":0,"skipped":0,"pct":0},"functions":{"total":1,"covered":0,"skipped":0,"pct":0},"statements":{"total":6,"covered":0,"skipped":0,"pct":0},"branches":{"total":1,"covered":0,"skipped":0,"pct":0}}
,"C:\\Users\\Lenovo LEGION 5\\OneDrive\\Desktop\\SWT_TESTING\\pickleball-booking-system-main\\backend\\src\\app\\api\\auth\\google-login\\route.ts": {"lines":{"total":6,"covered":0,"skipped":0,"pct":0},"functions":{"total":1,"covered":0,"skipped":0,"pct":0},"statements":{"total":6,"covered":0,"skipped":0,"pct":0},"branches":{"total":1,"covered":0,"skipped":0,"pct":0}}
,"C:\\Users\\Lenovo LEGION 5\\OneDrive\\Desktop\\SWT_TESTING\\pickleball-booking-system-main\\backend\\src\\app\\api\\auth\\login\\route.ts": {"lines":{"total":4,"covered":4,"skipped":0,"pct":100},"functions":{"total":1,"covered":1,"skipped":0,"pct":100},"statements":{"total":4,"covered":4,"skipped":0,"pct":100},"branches":{"total":1,"covered":1,"skipped":0,"pct":100}}
,"C:\\Users\\Lenovo LEGION 5\\OneDrive\\Desktop\\SWT_TESTING\\pickleball-booking-system-main\\backend\\src\\app\\api\\auth\\me\\route.ts": {"lines":{"total":6,"covered":0,"skipped":0,"pct":0},"functions":{"total":1,"covered":0,"skipped":0,"pct":0},"statements":{"total":6,"covered":0,"skipped":0,"pct":0},"branches":{"total":1,"covered":0,"skipped":0,"pct":0}}
,"C:\\Users\\Lenovo LEGION 5\\OneDrive\\Desktop\\SWT_TESTING\\pickleball-booking-system-main\\backend\\src\\app\\api\\auth\\register\\route.ts": {"lines":{"total":4,"covered":4,"skipped":0,"pct":100},"functions":{"total":1,"covered":1,"skipped":0,"pct":100},"statements":{"total":4,"covered":4,"skipped":0,"pct":100},"branches":{"total":1,"covered":1,"skipped":0,"pct":100}}
,"C:\\Users\\Lenovo LEGION 5\\OneDrive\\Desktop\\SWT_TESTING\\pickleball-booking-system-main\\backend\\src\\app\\api\\auth\\reset-password\\route.ts": {"lines":{"total":6,"covered":0,"skipped":0,"pct":0},"functions":{"total":1,"covered":0,"skipped":0,"pct":0},"statements":{"total":6,"covered":0,"skipped":0,"pct":0},"branches":{"total":1,"covered":0,"skipped":0,"pct":0}}
,"C:\\Users\\Lenovo LEGION 5\\OneDrive\\Desktop\\SWT_TESTING\\pickleball-booking-system-main\\backend\\src\\app\\api\\auth\\verify-register-otp\\route.ts": {"lines":{"total":6,"covered":0,"skipped":0,"pct":0},"functions":{"total":1,"covered":0,"skipped":0,"pct":0},"statements":{"total":6,"covered":0,"skipped":0,"pct":0},"branches":{"total":1,"covered":0,"skipped":0,"pct":0}}
,"C:\\Users\\Lenovo LEGION 5\\OneDrive\\Desktop\\SWT_TESTING\\pickleball-booking-system-main\\backend\\src\\app\\api\\bookings\\[bookingId]\\cancel\\route.ts": {"lines":{"total":10,"covered":0,"skipped":0,"pct":0},"functions":{"total":1,"covered":0,"skipped":0,"pct":0},"statements":{"total":10,"covered":0,"skipped":0,"pct":0},"branches":{"total":1,"covered":0,"skipped":0,"pct":0}}
,"C:\\Users\\Lenovo LEGION 5\\OneDrive\\Desktop\\SWT_TESTING\\pickleball-booking-system-main\\backend\\src\\app\\api\\bookings\\[bookingId]\\check-in\\route.ts": {"lines":{"total":10,"covered":0,"skipped":0,"pct":0},"functions":{"total":1,"covered":0,"skipped":0,"pct":0},"statements":{"total":10,"covered":0,"skipped":0,"pct":0},"branches":{"total":1,"covered":0,"skipped":0,"pct":0}}
,"C:\\Users\\Lenovo LEGION 5\\OneDrive\\Desktop\\SWT_TESTING\\pickleball-booking-system-main\\backend\\src\\app\\api\\bookings\\[bookingId]\\coach-cancel\\route.ts": {"lines":{"total":16,"covered":0,"skipped":0,"pct":0},"functions":{"total":1,"covered":0,"skipped":0,"pct":0},"statements":{"total":16,"covered":0,"skipped":0,"pct":0},"branches":{"total":1,"covered":0,"skipped":0,"pct":0}}
,"C:\\Users\\Lenovo LEGION 5\\OneDrive\\Desktop\\SWT_TESTING\\pickleball-booking-system-main\\backend\\src\\app\\api\\bookings\\[bookingId]\\mock-pay\\route.ts": {"lines":{"total":18,"covered":0,"skipped":0,"pct":0},"functions":{"total":1,"covered":0,"skipped":0,"pct":0},"statements":{"total":18,"covered":0,"skipped":0,"pct":0},"branches":{"total":1,"covered":0,"skipped":0,"pct":0}}
,"C:\\Users\\Lenovo LEGION 5\\OneDrive\\Desktop\\SWT_TESTING\\pickleball-booking-system-main\\backend\\src\\app\\api\\bookings\\coach\\route.ts": {"lines":{"total":6,"covered":0,"skipped":0,"pct":0},"functions":{"total":1,"covered":0,"skipped":0,"pct":0},"statements":{"total":6,"covered":0,"skipped":0,"pct":0},"branches":{"total":1,"covered":0,"skipped":0,"pct":0}}
,"C:\\Users\\Lenovo LEGION 5\\OneDrive\\Desktop\\SWT_TESTING\\pickleball-booking-system-main\\backend\\src\\app\\api\\bookings\\combo\\route.ts": {"lines":{"total":6,"covered":0,"skipped":0,"pct":0},"functions":{"total":1,"covered":0,"skipped":0,"pct":0},"statements":{"total":6,"covered":0,"skipped":0,"pct":0},"branches":{"total":1,"covered":0,"skipped":0,"pct":0}}
,"C:\\Users\\Lenovo LEGION 5\\OneDrive\\Desktop\\SWT_TESTING\\pickleball-booking-system-main\\backend\\src\\app\\api\\bookings\\court\\route.ts": {"lines":{"total":4,"covered":4,"skipped":0,"pct":100},"functions":{"total":1,"covered":1,"skipped":0,"pct":100},"statements":{"total":4,"covered":4,"skipped":0,"pct":100},"branches":{"total":1,"covered":1,"skipped":0,"pct":100}}
,"C:\\Users\\Lenovo LEGION 5\\OneDrive\\Desktop\\SWT_TESTING\\pickleball-booking-system-main\\backend\\src\\app\\api\\bookings\\daily\\route.ts": {"lines":{"total":15,"covered":0,"skipped":0,"pct":0},"functions":{"total":1,"covered":0,"skipped":0,"pct":0},"statements":{"total":15,"covered":0,"skipped":0,"pct":0},"branches":{"total":1,"covered":0,"skipped":0,"pct":0}}
,"C:\\Users\\Lenovo LEGION 5\\OneDrive\\Desktop\\SWT_TESTING\\pickleball-booking-system-main\\backend\\src\\app\\api\\bookings\\detail\\route.ts": {"lines":{"total":6,"covered":0,"skipped":0,"pct":0},"functions":{"total":1,"covered":0,"skipped":0,"pct":0},"statements":{"total":6,"covered":0,"skipped":0,"pct":0},"branches":{"total":1,"covered":0,"skipped":0,"pct":0}}
,"C:\\Users\\Lenovo LEGION 5\\OneDrive\\Desktop\\SWT_TESTING\\pickleball-booking-system-main\\backend\\src\\app\\api\\bookings\\my\\route.ts": {"lines":{"total":6,"covered":0,"skipped":0,"pct":0},"functions":{"total":1,"covered":0,"skipped":0,"pct":0},"statements":{"total":6,"covered":0,"skipped":0,"pct":0},"branches":{"total":1,"covered":0,"skipped":0,"pct":0}}
,"C:\\Users\\Lenovo LEGION 5\\OneDrive\\Desktop\\SWT_TESTING\\pickleball-booking-system-main\\backend\\src\\app\\api\\bookings\\my-bookings\\route.ts": {"lines":{"total":6,"covered":0,"skipped":0,"pct":0},"functions":{"total":1,"covered":0,"skipped":0,"pct":0},"statements":{"total":6,"covered":0,"skipped":0,"pct":0},"branches":{"total":1,"covered":0,"skipped":0,"pct":0}}
,"C:\\Users\\Lenovo LEGION 5\\OneDrive\\Desktop\\SWT_TESTING\\pickleball-booking-system-main\\backend\\src\\app\\api\\bookings\\release-expired\\route.ts": {"lines":{"total":13,"covered":0,"skipped":0,"pct":0},"functions":{"total":1,"covered":0,"skipped":0,"pct":0},"statements":{"total":13,"covered":0,"skipped":0,"pct":0},"branches":{"total":1,"covered":0,"skipped":0,"pct":0}}
,"C:\\Users\\Lenovo LEGION 5\\OneDrive\\Desktop\\SWT_TESTING\\pickleball-booking-system-main\\backend\\src\\app\\api\\bookings\\team\\route.ts": {"lines":{"total":19,"covered":0,"skipped":0,"pct":0},"functions":{"total":1,"covered":0,"skipped":0,"pct":0},"statements":{"total":19,"covered":0,"skipped":0,"pct":0},"branches":{"total":1,"covered":0,"skipped":0,"pct":0}}
,"C:\\Users\\Lenovo LEGION 5\\OneDrive\\Desktop\\SWT_TESTING\\pickleball-booking-system-main\\backend\\src\\app\\api\\coaches\\route.ts": {"lines":{"total":6,"covered":0,"skipped":0,"pct":0},"functions":{"total":1,"covered":0,"skipped":0,"pct":0},"statements":{"total":6,"covered":0,"skipped":0,"pct":0},"branches":{"total":1,"covered":0,"skipped":0,"pct":0}}
,"C:\\Users\\Lenovo LEGION 5\\OneDrive\\Desktop\\SWT_TESTING\\pickleball-booking-system-main\\backend\\src\\app\\api\\coaches\\[id]\\route.ts": {"lines":{"total":9,"covered":0,"skipped":0,"pct":0},"functions":{"total":1,"covered":0,"skipped":0,"pct":0},"statements":{"total":9,"covered":0,"skipped":0,"pct":0},"branches":{"total":1,"covered":0,"skipped":0,"pct":0}}
,"C:\\Users\\Lenovo LEGION 5\\OneDrive\\Desktop\\SWT_TESTING\\pickleball-booking-system-main\\backend\\src\\app\\api\\coaches\\[id]\\reviews\\route.ts": {"lines":{"total":9,"covered":0,"skipped":0,"pct":0},"functions":{"total":1,"covered":0,"skipped":0,"pct":0},"statements":{"total":9,"covered":0,"skipped":0,"pct":0},"branches":{"total":1,"covered":0,"skipped":0,"pct":0}}
,"C:\\Users\\Lenovo LEGION 5\\OneDrive\\Desktop\\SWT_TESTING\\pickleball-booking-system-main\\backend\\src\\app\\api\\coaches\\[id]\\schedules\\route.ts": {"lines":{"total":9,"covered":0,"skipped":0,"pct":0},"functions":{"total":1,"covered":0,"skipped":0,"pct":0},"statements":{"total":9,"covered":0,"skipped":0,"pct":0},"branches":{"total":1,"covered":0,"skipped":0,"pct":0}}
,"C:\\Users\\Lenovo LEGION 5\\OneDrive\\Desktop\\SWT_TESTING\\pickleball-booking-system-main\\backend\\src\\app\\api\\coaches\\available\\route.ts": {"lines":{"total":6,"covered":0,"skipped":0,"pct":0},"functions":{"total":1,"covered":0,"skipped":0,"pct":0},"statements":{"total":6,"covered":0,"skipped":0,"pct":0},"branches":{"total":1,"covered":0,"skipped":0,"pct":0}}
,"C:\\Users\\Lenovo LEGION 5\\OneDrive\\Desktop\\SWT_TESTING\\pickleball-booking-system-main\\backend\\src\\app\\api\\coaches\\me\\route.ts": {"lines":{"total":6,"covered":0,"skipped":0,"pct":0},"functions":{"total":1,"covered":0,"skipped":0,"pct":0},"statements":{"total":6,"covered":0,"skipped":0,"pct":0},"branches":{"total":1,"covered":0,"skipped":0,"pct":0}}
,"C:\\Users\\Lenovo LEGION 5\\OneDrive\\Desktop\\SWT_TESTING\\pickleball-booking-system-main\\backend\\src\\app\\api\\coaches\\me\\bookings\\route.ts": {"lines":{"total":10,"covered":0,"skipped":0,"pct":0},"functions":{"total":1,"covered":0,"skipped":0,"pct":0},"statements":{"total":10,"covered":0,"skipped":0,"pct":0},"branches":{"total":1,"covered":0,"skipped":0,"pct":0}}
,"C:\\Users\\Lenovo LEGION 5\\OneDrive\\Desktop\\SWT_TESTING\\pickleball-booking-system-main\\backend\\src\\app\\api\\coaches\\me\\expertise\\route.ts": {"lines":{"total":6,"covered":0,"skipped":0,"pct":0},"functions":{"total":1,"covered":0,"skipped":0,"pct":0},"statements":{"total":6,"covered":0,"skipped":0,"pct":0},"branches":{"total":1,"covered":0,"skipped":0,"pct":0}}
,"C:\\Users\\Lenovo LEGION 5\\OneDrive\\Desktop\\SWT_TESTING\\pickleball-booking-system-main\\backend\\src\\app\\api\\coaches\\me\\income\\route.ts": {"lines":{"total":6,"covered":0,"skipped":0,"pct":0},"functions":{"total":1,"covered":0,"skipped":0,"pct":0},"statements":{"total":6,"covered":0,"skipped":0,"pct":0},"branches":{"total":1,"covered":0,"skipped":0,"pct":0}}
,"C:\\Users\\Lenovo LEGION 5\\OneDrive\\Desktop\\SWT_TESTING\\pickleball-booking-system-main\\backend\\src\\app\\api\\coaches\\me\\profile\\route.ts": {"lines":{"total":6,"covered":0,"skipped":0,"pct":0},"functions":{"total":1,"covered":0,"skipped":0,"pct":0},"statements":{"total":6,"covered":0,"skipped":0,"pct":0},"branches":{"total":1,"covered":0,"skipped":0,"pct":0}}
,"C:\\Users\\Lenovo LEGION 5\\OneDrive\\Desktop\\SWT_TESTING\\pickleball-booking-system-main\\backend\\src\\app\\api\\coaches\\me\\schedules\\route.ts": {"lines":{"total":13,"covered":0,"skipped":0,"pct":0},"functions":{"total":1,"covered":0,"skipped":0,"pct":0},"statements":{"total":13,"covered":0,"skipped":0,"pct":0},"branches":{"total":1,"covered":0,"skipped":0,"pct":0}}
,"C:\\Users\\Lenovo LEGION 5\\OneDrive\\Desktop\\SWT_TESTING\\pickleball-booking-system-main\\backend\\src\\app\\api\\coaches\\me\\schedules\\[scheduleId]\\route.ts": {"lines":{"total":19,"covered":0,"skipped":0,"pct":0},"functions":{"total":1,"covered":0,"skipped":0,"pct":0},"statements":{"total":19,"covered":0,"skipped":0,"pct":0},"branches":{"total":1,"covered":0,"skipped":0,"pct":0}}
,"C:\\Users\\Lenovo LEGION 5\\OneDrive\\Desktop\\SWT_TESTING\\pickleball-booking-system-main\\backend\\src\\app\\api\\coaches\\me\\teaching-fee\\route.ts": {"lines":{"total":6,"covered":0,"skipped":0,"pct":0},"functions":{"total":1,"covered":0,"skipped":0,"pct":0},"statements":{"total":6,"covered":0,"skipped":0,"pct":0},"branches":{"total":1,"covered":0,"skipped":0,"pct":0}}
,"C:\\Users\\Lenovo LEGION 5\\OneDrive\\Desktop\\SWT_TESTING\\pickleball-booking-system-main\\backend\\src\\app\\api\\coaches\\schedules\\route.ts": {"lines":{"total":13,"covered":0,"skipped":0,"pct":0},"functions":{"total":1,"covered":0,"skipped":0,"pct":0},"statements":{"total":13,"covered":0,"skipped":0,"pct":0},"branches":{"total":1,"covered":0,"skipped":0,"pct":0}}
,"C:\\Users\\Lenovo LEGION 5\\OneDrive\\Desktop\\SWT_TESTING\\pickleball-booking-system-main\\backend\\src\\app\\api\\courts\\route.ts": {"lines":{"total":7,"covered":4,"skipped":0,"pct":57.14},"functions":{"total":2,"covered":1,"skipped":0,"pct":50},"statements":{"total":7,"covered":4,"skipped":0,"pct":57.14},"branches":{"total":1,"covered":1,"skipped":0,"pct":100}}
,"C:\\Users\\Lenovo LEGION 5\\OneDrive\\Desktop\\SWT_TESTING\\pickleball-booking-system-main\\backend\\src\\app\\api\\courts\\[id]\\route.ts": {"lines":{"total":23,"covered":0,"skipped":0,"pct":0},"functions":{"total":1,"covered":0,"skipped":0,"pct":0},"statements":{"total":23,"covered":0,"skipped":0,"pct":0},"branches":{"total":1,"covered":0,"skipped":0,"pct":0}}
,"C:\\Users\\Lenovo LEGION 5\\OneDrive\\Desktop\\SWT_TESTING\\pickleball-booking-system-main\\backend\\src\\app\\api\\courts\\available\\route.ts": {"lines":{"total":6,"covered":0,"skipped":0,"pct":0},"functions":{"total":1,"covered":0,"skipped":0,"pct":0},"statements":{"total":6,"covered":0,"skipped":0,"pct":0},"branches":{"total":1,"covered":0,"skipped":0,"pct":0}}
,"C:\\Users\\Lenovo LEGION 5\\OneDrive\\Desktop\\SWT_TESTING\\pickleball-booking-system-main\\backend\\src\\app\\api\\courts\\slots\\route.ts": {"lines":{"total":13,"covered":0,"skipped":0,"pct":0},"functions":{"total":1,"covered":0,"skipped":0,"pct":0},"statements":{"total":13,"covered":0,"skipped":0,"pct":0},"branches":{"total":1,"covered":0,"skipped":0,"pct":0}}
,"C:\\Users\\Lenovo LEGION 5\\OneDrive\\Desktop\\SWT_TESTING\\pickleball-booking-system-main\\backend\\src\\app\\api\\courts\\slots\\[id]\\route.ts": {"lines":{"total":16,"covered":0,"skipped":0,"pct":0},"functions":{"total":1,"covered":0,"skipped":0,"pct":0},"statements":{"total":16,"covered":0,"skipped":0,"pct":0},"branches":{"total":1,"covered":0,"skipped":0,"pct":0}}
,"C:\\Users\\Lenovo LEGION 5\\OneDrive\\Desktop\\SWT_TESTING\\pickleball-booking-system-main\\backend\\src\\app\\api\\courts\\slots\\generate\\route.ts": {"lines":{"total":13,"covered":0,"skipped":0,"pct":0},"functions":{"total":1,"covered":0,"skipped":0,"pct":0},"statements":{"total":13,"covered":0,"skipped":0,"pct":0},"branches":{"total":1,"covered":0,"skipped":0,"pct":0}}
,"C:\\Users\\Lenovo LEGION 5\\OneDrive\\Desktop\\SWT_TESTING\\pickleball-booking-system-main\\backend\\src\\app\\api\\me\\route.ts": {"lines":{"total":14,"covered":0,"skipped":0,"pct":0},"functions":{"total":1,"covered":0,"skipped":0,"pct":0},"statements":{"total":14,"covered":0,"skipped":0,"pct":0},"branches":{"total":1,"covered":0,"skipped":0,"pct":0}}
,"C:\\Users\\Lenovo LEGION 5\\OneDrive\\Desktop\\SWT_TESTING\\pickleball-booking-system-main\\backend\\src\\app\\api\\notifications\\route.ts": {"lines":{"total":6,"covered":0,"skipped":0,"pct":0},"functions":{"total":1,"covered":0,"skipped":0,"pct":0},"statements":{"total":6,"covered":0,"skipped":0,"pct":0},"branches":{"total":1,"covered":0,"skipped":0,"pct":0}}
,"C:\\Users\\Lenovo LEGION 5\\OneDrive\\Desktop\\SWT_TESTING\\pickleball-booking-system-main\\backend\\src\\app\\api\\notifications\\[id]\\read\\route.ts": {"lines":{"total":7,"covered":0,"skipped":0,"pct":0},"functions":{"total":1,"covered":0,"skipped":0,"pct":0},"statements":{"total":7,"covered":0,"skipped":0,"pct":0},"branches":{"total":1,"covered":0,"skipped":0,"pct":0}}
,"C:\\Users\\Lenovo LEGION 5\\OneDrive\\Desktop\\SWT_TESTING\\pickleball-booking-system-main\\backend\\src\\app\\api\\notifications\\read-all\\route.ts": {"lines":{"total":6,"covered":0,"skipped":0,"pct":0},"functions":{"total":1,"covered":0,"skipped":0,"pct":0},"statements":{"total":6,"covered":0,"skipped":0,"pct":0},"branches":{"total":1,"covered":0,"skipped":0,"pct":0}}
,"C:\\Users\\Lenovo LEGION 5\\OneDrive\\Desktop\\SWT_TESTING\\pickleball-booking-system-main\\backend\\src\\app\\api\\notifications\\unread-count\\route.ts": {"lines":{"total":6,"covered":0,"skipped":0,"pct":0},"functions":{"total":1,"covered":0,"skipped":0,"pct":0},"statements":{"total":6,"covered":0,"skipped":0,"pct":0},"branches":{"total":1,"covered":0,"skipped":0,"pct":0}}
,"C:\\Users\\Lenovo LEGION 5\\OneDrive\\Desktop\\SWT_TESTING\\pickleball-booking-system-main\\backend\\src\\app\\api\\operations\\bookings\\[bookingId]\\check-in\\route.ts": {"lines":{"total":10,"covered":0,"skipped":0,"pct":0},"functions":{"total":1,"covered":0,"skipped":0,"pct":0},"statements":{"total":10,"covered":0,"skipped":0,"pct":0},"branches":{"total":1,"covered":0,"skipped":0,"pct":0}}
,"C:\\Users\\Lenovo LEGION 5\\OneDrive\\Desktop\\SWT_TESTING\\pickleball-booking-system-main\\backend\\src\\app\\api\\operations\\bookings\\[bookingId]\\complete\\route.ts": {"lines":{"total":10,"covered":0,"skipped":0,"pct":0},"functions":{"total":1,"covered":0,"skipped":0,"pct":0},"statements":{"total":10,"covered":0,"skipped":0,"pct":0},"branches":{"total":1,"covered":0,"skipped":0,"pct":0}}
,"C:\\Users\\Lenovo LEGION 5\\OneDrive\\Desktop\\SWT_TESTING\\pickleball-booking-system-main\\backend\\src\\app\\api\\operations\\bookings\\[bookingId]\\logs\\route.ts": {"lines":{"total":17,"covered":0,"skipped":0,"pct":0},"functions":{"total":1,"covered":0,"skipped":0,"pct":0},"statements":{"total":17,"covered":0,"skipped":0,"pct":0},"branches":{"total":1,"covered":0,"skipped":0,"pct":0}}
,"C:\\Users\\Lenovo LEGION 5\\OneDrive\\Desktop\\SWT_TESTING\\pickleball-booking-system-main\\backend\\src\\app\\api\\operations\\bookings\\[bookingId]\\no-show\\route.ts": {"lines":{"total":10,"covered":0,"skipped":0,"pct":0},"functions":{"total":1,"covered":0,"skipped":0,"pct":0},"statements":{"total":10,"covered":0,"skipped":0,"pct":0},"branches":{"total":1,"covered":0,"skipped":0,"pct":0}}
,"C:\\Users\\Lenovo LEGION 5\\OneDrive\\Desktop\\SWT_TESTING\\pickleball-booking-system-main\\backend\\src\\app\\api\\operations\\today\\route.ts": {"lines":{"total":6,"covered":0,"skipped":0,"pct":0},"functions":{"total":1,"covered":0,"skipped":0,"pct":0},"statements":{"total":6,"covered":0,"skipped":0,"pct":0},"branches":{"total":1,"covered":0,"skipped":0,"pct":0}}
,"C:\\Users\\Lenovo LEGION 5\\OneDrive\\Desktop\\SWT_TESTING\\pickleball-booking-system-main\\backend\\src\\app\\api\\payments\\create\\route.ts": {"lines":{"total":13,"covered":0,"skipped":0,"pct":0},"functions":{"total":1,"covered":0,"skipped":0,"pct":0},"statements":{"total":13,"covered":0,"skipped":0,"pct":0},"branches":{"total":1,"covered":0,"skipped":0,"pct":0}}
,"C:\\Users\\Lenovo LEGION 5\\OneDrive\\Desktop\\SWT_TESTING\\pickleball-booking-system-main\\backend\\src\\app\\api\\payments\\momo-ipn\\route.ts": {"lines":{"total":6,"covered":0,"skipped":0,"pct":0},"functions":{"total":1,"covered":0,"skipped":0,"pct":0},"statements":{"total":6,"covered":0,"skipped":0,"pct":0},"branches":{"total":1,"covered":0,"skipped":0,"pct":0}}
,"C:\\Users\\Lenovo LEGION 5\\OneDrive\\Desktop\\SWT_TESTING\\pickleball-booking-system-main\\backend\\src\\app\\api\\payments\\momo-return\\route.ts": {"lines":{"total":6,"covered":0,"skipped":0,"pct":0},"functions":{"total":1,"covered":0,"skipped":0,"pct":0},"statements":{"total":6,"covered":0,"skipped":0,"pct":0},"branches":{"total":1,"covered":0,"skipped":0,"pct":0}}
,"C:\\Users\\Lenovo LEGION 5\\OneDrive\\Desktop\\SWT_TESTING\\pickleball-booking-system-main\\backend\\src\\app\\api\\payments\\payos-cancel\\route.ts": {"lines":{"total":15,"covered":0,"skipped":0,"pct":0},"functions":{"total":1,"covered":0,"skipped":0,"pct":0},"statements":{"total":15,"covered":0,"skipped":0,"pct":0},"branches":{"total":1,"covered":0,"skipped":0,"pct":0}}
,"C:\\Users\\Lenovo LEGION 5\\OneDrive\\Desktop\\SWT_TESTING\\pickleball-booking-system-main\\backend\\src\\app\\api\\payments\\payos-return\\route.ts": {"lines":{"total":13,"covered":0,"skipped":0,"pct":0},"functions":{"total":1,"covered":0,"skipped":0,"pct":0},"statements":{"total":13,"covered":0,"skipped":0,"pct":0},"branches":{"total":1,"covered":0,"skipped":0,"pct":0}}
,"C:\\Users\\Lenovo LEGION 5\\OneDrive\\Desktop\\SWT_TESTING\\pickleball-booking-system-main\\backend\\src\\app\\api\\payments\\payos-webhook\\route.ts": {"lines":{"total":9,"covered":4,"skipped":0,"pct":44.44},"functions":{"total":2,"covered":1,"skipped":0,"pct":50},"statements":{"total":9,"covered":4,"skipped":0,"pct":44.44},"branches":{"total":1,"covered":1,"skipped":0,"pct":100}}
,"C:\\Users\\Lenovo LEGION 5\\OneDrive\\Desktop\\SWT_TESTING\\pickleball-booking-system-main\\backend\\src\\app\\api\\payments\\status\\route.ts": {"lines":{"total":13,"covered":0,"skipped":0,"pct":0},"functions":{"total":1,"covered":0,"skipped":0,"pct":0},"statements":{"total":13,"covered":0,"skipped":0,"pct":0},"branches":{"total":1,"covered":0,"skipped":0,"pct":0}}
,"C:\\Users\\Lenovo LEGION 5\\OneDrive\\Desktop\\SWT_TESTING\\pickleball-booking-system-main\\backend\\src\\app\\api\\play-invitations\\route.ts": {"lines":{"total":6,"covered":0,"skipped":0,"pct":0},"functions":{"total":1,"covered":0,"skipped":0,"pct":0},"statements":{"total":6,"covered":0,"skipped":0,"pct":0},"branches":{"total":1,"covered":0,"skipped":0,"pct":0}}
,"C:\\Users\\Lenovo LEGION 5\\OneDrive\\Desktop\\SWT_TESTING\\pickleball-booking-system-main\\backend\\src\\app\\api\\play-invitations\\[id]\\accept\\route.ts": {"lines":{"total":10,"covered":0,"skipped":0,"pct":0},"functions":{"total":1,"covered":0,"skipped":0,"pct":0},"statements":{"total":10,"covered":0,"skipped":0,"pct":0},"branches":{"total":1,"covered":0,"skipped":0,"pct":0}}
,"C:\\Users\\Lenovo LEGION 5\\OneDrive\\Desktop\\SWT_TESTING\\pickleball-booking-system-main\\backend\\src\\app\\api\\play-invitations\\[id]\\reject\\route.ts": {"lines":{"total":10,"covered":0,"skipped":0,"pct":0},"functions":{"total":1,"covered":0,"skipped":0,"pct":0},"statements":{"total":10,"covered":0,"skipped":0,"pct":0},"branches":{"total":1,"covered":0,"skipped":0,"pct":0}}
,"C:\\Users\\Lenovo LEGION 5\\OneDrive\\Desktop\\SWT_TESTING\\pickleball-booking-system-main\\backend\\src\\app\\api\\play-invitations\\pending-count\\route.ts": {"lines":{"total":6,"covered":0,"skipped":0,"pct":0},"functions":{"total":1,"covered":0,"skipped":0,"pct":0},"statements":{"total":6,"covered":0,"skipped":0,"pct":0},"branches":{"total":1,"covered":0,"skipped":0,"pct":0}}
,"C:\\Users\\Lenovo LEGION 5\\OneDrive\\Desktop\\SWT_TESTING\\pickleball-booking-system-main\\backend\\src\\app\\api\\play-invitations\\received\\route.ts": {"lines":{"total":6,"covered":0,"skipped":0,"pct":0},"functions":{"total":1,"covered":0,"skipped":0,"pct":0},"statements":{"total":6,"covered":0,"skipped":0,"pct":0},"branches":{"total":1,"covered":0,"skipped":0,"pct":0}}
,"C:\\Users\\Lenovo LEGION 5\\OneDrive\\Desktop\\SWT_TESTING\\pickleball-booking-system-main\\backend\\src\\app\\api\\play-invitations\\sent\\route.ts": {"lines":{"total":6,"covered":0,"skipped":0,"pct":0},"functions":{"total":1,"covered":0,"skipped":0,"pct":0},"statements":{"total":6,"covered":0,"skipped":0,"pct":0},"branches":{"total":1,"covered":0,"skipped":0,"pct":0}}
,"C:\\Users\\Lenovo LEGION 5\\OneDrive\\Desktop\\SWT_TESTING\\pickleball-booking-system-main\\backend\\src\\app\\api\\player-matching\\my-groups\\route.ts": {"lines":{"total":6,"covered":0,"skipped":0,"pct":0},"functions":{"total":1,"covered":0,"skipped":0,"pct":0},"statements":{"total":6,"covered":0,"skipped":0,"pct":0},"branches":{"total":1,"covered":0,"skipped":0,"pct":0}}
,"C:\\Users\\Lenovo LEGION 5\\OneDrive\\Desktop\\SWT_TESTING\\pickleball-booking-system-main\\backend\\src\\app\\api\\player-matching\\opponents\\route.ts": {"lines":{"total":6,"covered":0,"skipped":0,"pct":0},"functions":{"total":1,"covered":0,"skipped":0,"pct":0},"statements":{"total":6,"covered":0,"skipped":0,"pct":0},"branches":{"total":1,"covered":0,"skipped":0,"pct":0}}
,"C:\\Users\\Lenovo LEGION 5\\OneDrive\\Desktop\\SWT_TESTING\\pickleball-booking-system-main\\backend\\src\\app\\api\\player-matching\\profile\\route.ts": {"lines":{"total":17,"covered":0,"skipped":0,"pct":0},"functions":{"total":1,"covered":0,"skipped":0,"pct":0},"statements":{"total":17,"covered":0,"skipped":0,"pct":0},"branches":{"total":1,"covered":0,"skipped":0,"pct":0}}
,"C:\\Users\\Lenovo LEGION 5\\OneDrive\\Desktop\\SWT_TESTING\\pickleball-booking-system-main\\backend\\src\\app\\api\\player-matching\\teammates\\route.ts": {"lines":{"total":6,"covered":0,"skipped":0,"pct":0},"functions":{"total":1,"covered":0,"skipped":0,"pct":0},"statements":{"total":6,"covered":0,"skipped":0,"pct":0},"branches":{"total":1,"covered":0,"skipped":0,"pct":0}}
,"C:\\Users\\Lenovo LEGION 5\\OneDrive\\Desktop\\SWT_TESTING\\pickleball-booking-system-main\\backend\\src\\app\\api\\playgroups\\route.ts": {"lines":{"total":13,"covered":0,"skipped":0,"pct":0},"functions":{"total":1,"covered":0,"skipped":0,"pct":0},"statements":{"total":13,"covered":0,"skipped":0,"pct":0},"branches":{"total":1,"covered":0,"skipped":0,"pct":0}}
,"C:\\Users\\Lenovo LEGION 5\\OneDrive\\Desktop\\SWT_TESTING\\pickleball-booking-system-main\\backend\\src\\app\\api\\playgroups\\[id]\\route.ts": {"lines":{"total":21,"covered":0,"skipped":0,"pct":0},"functions":{"total":1,"covered":0,"skipped":0,"pct":0},"statements":{"total":21,"covered":0,"skipped":0,"pct":0},"branches":{"total":1,"covered":0,"skipped":0,"pct":0}}
,"C:\\Users\\Lenovo LEGION 5\\OneDrive\\Desktop\\SWT_TESTING\\pickleball-booking-system-main\\backend\\src\\app\\api\\playgroups\\[id]\\close\\route.ts": {"lines":{"total":10,"covered":0,"skipped":0,"pct":0},"functions":{"total":1,"covered":0,"skipped":0,"pct":0},"statements":{"total":10,"covered":0,"skipped":0,"pct":0},"branches":{"total":1,"covered":0,"skipped":0,"pct":0}}
,"C:\\Users\\Lenovo LEGION 5\\OneDrive\\Desktop\\SWT_TESTING\\pickleball-booking-system-main\\backend\\src\\app\\api\\playgroups\\[id]\\join\\route.ts": {"lines":{"total":10,"covered":0,"skipped":0,"pct":0},"functions":{"total":1,"covered":0,"skipped":0,"pct":0},"statements":{"total":10,"covered":0,"skipped":0,"pct":0},"branches":{"total":1,"covered":0,"skipped":0,"pct":0}}
,"C:\\Users\\Lenovo LEGION 5\\OneDrive\\Desktop\\SWT_TESTING\\pickleball-booking-system-main\\backend\\src\\app\\api\\playgroups\\[id]\\leave\\route.ts": {"lines":{"total":10,"covered":0,"skipped":0,"pct":0},"functions":{"total":1,"covered":0,"skipped":0,"pct":0},"statements":{"total":10,"covered":0,"skipped":0,"pct":0},"branches":{"total":1,"covered":0,"skipped":0,"pct":0}}
,"C:\\Users\\Lenovo LEGION 5\\OneDrive\\Desktop\\SWT_TESTING\\pickleball-booking-system-main\\backend\\src\\app\\api\\playgroups\\[id]\\messages\\route.ts": {"lines":{"total":21,"covered":0,"skipped":0,"pct":0},"functions":{"total":1,"covered":0,"skipped":0,"pct":0},"statements":{"total":21,"covered":0,"skipped":0,"pct":0},"branches":{"total":1,"covered":0,"skipped":0,"pct":0}}
,"C:\\Users\\Lenovo LEGION 5\\OneDrive\\Desktop\\SWT_TESTING\\pickleball-booking-system-main\\backend\\src\\app\\api\\playgroups\\[id]\\messages\\read\\route.ts": {"lines":{"total":17,"covered":0,"skipped":0,"pct":0},"functions":{"total":1,"covered":0,"skipped":0,"pct":0},"statements":{"total":17,"covered":0,"skipped":0,"pct":0},"branches":{"total":1,"covered":0,"skipped":0,"pct":0}}
,"C:\\Users\\Lenovo LEGION 5\\OneDrive\\Desktop\\SWT_TESTING\\pickleball-booking-system-main\\backend\\src\\app\\api\\playgroups\\unread-counts\\route.ts": {"lines":{"total":6,"covered":0,"skipped":0,"pct":0},"functions":{"total":1,"covered":0,"skipped":0,"pct":0},"statements":{"total":6,"covered":0,"skipped":0,"pct":0},"branches":{"total":1,"covered":0,"skipped":0,"pct":0}}
,"C:\\Users\\Lenovo LEGION 5\\OneDrive\\Desktop\\SWT_TESTING\\pickleball-booking-system-main\\backend\\src\\app\\api\\promotions\\route.ts": {"lines":{"total":5,"covered":0,"skipped":0,"pct":0},"functions":{"total":1,"covered":0,"skipped":0,"pct":0},"statements":{"total":5,"covered":0,"skipped":0,"pct":0},"branches":{"total":1,"covered":0,"skipped":0,"pct":0}}
,"C:\\Users\\Lenovo LEGION 5\\OneDrive\\Desktop\\SWT_TESTING\\pickleball-booking-system-main\\backend\\src\\app\\api\\promotions\\apply\\route.ts": {"lines":{"total":6,"covered":0,"skipped":0,"pct":0},"functions":{"total":1,"covered":0,"skipped":0,"pct":0},"statements":{"total":6,"covered":0,"skipped":0,"pct":0},"branches":{"total":1,"covered":0,"skipped":0,"pct":0}}
,"C:\\Users\\Lenovo LEGION 5\\OneDrive\\Desktop\\SWT_TESTING\\pickleball-booking-system-main\\backend\\src\\app\\api\\promotions\\my\\route.ts": {"lines":{"total":6,"covered":0,"skipped":0,"pct":0},"functions":{"total":1,"covered":0,"skipped":0,"pct":0},"statements":{"total":6,"covered":0,"skipped":0,"pct":0},"branches":{"total":1,"covered":0,"skipped":0,"pct":0}}
,"C:\\Users\\Lenovo LEGION 5\\OneDrive\\Desktop\\SWT_TESTING\\pickleball-booking-system-main\\backend\\src\\app\\api\\promotions\\remove\\route.ts": {"lines":{"total":6,"covered":0,"skipped":0,"pct":0},"functions":{"total":1,"covered":0,"skipped":0,"pct":0},"statements":{"total":6,"covered":0,"skipped":0,"pct":0},"branches":{"total":1,"covered":0,"skipped":0,"pct":0}}
,"C:\\Users\\Lenovo LEGION 5\\OneDrive\\Desktop\\SWT_TESTING\\pickleball-booking-system-main\\backend\\src\\app\\api\\promotions\\validate\\route.ts": {"lines":{"total":6,"covered":0,"skipped":0,"pct":0},"functions":{"total":1,"covered":0,"skipped":0,"pct":0},"statements":{"total":6,"covered":0,"skipped":0,"pct":0},"branches":{"total":1,"covered":0,"skipped":0,"pct":0}}
,"C:\\Users\\Lenovo LEGION 5\\OneDrive\\Desktop\\SWT_TESTING\\pickleball-booking-system-main\\backend\\src\\app\\api\\refunds\\approve\\route.ts": {"lines":{"total":6,"covered":0,"skipped":0,"pct":0},"functions":{"total":1,"covered":0,"skipped":0,"pct":0},"statements":{"total":6,"covered":0,"skipped":0,"pct":0},"branches":{"total":1,"covered":0,"skipped":0,"pct":0}}
,"C:\\Users\\Lenovo LEGION 5\\OneDrive\\Desktop\\SWT_TESTING\\pickleball-booking-system-main\\backend\\src\\app\\api\\refunds\\complete-manual\\route.ts": {"lines":{"total":6,"covered":0,"skipped":0,"pct":0},"functions":{"total":1,"covered":0,"skipped":0,"pct":0},"statements":{"total":6,"covered":0,"skipped":0,"pct":0},"branches":{"total":1,"covered":0,"skipped":0,"pct":0}}
,"C:\\Users\\Lenovo LEGION 5\\OneDrive\\Desktop\\SWT_TESTING\\pickleball-booking-system-main\\backend\\src\\app\\api\\refunds\\manager\\route.ts": {"lines":{"total":6,"covered":0,"skipped":0,"pct":0},"functions":{"total":1,"covered":0,"skipped":0,"pct":0},"statements":{"total":6,"covered":0,"skipped":0,"pct":0},"branches":{"total":1,"covered":0,"skipped":0,"pct":0}}
,"C:\\Users\\Lenovo LEGION 5\\OneDrive\\Desktop\\SWT_TESTING\\pickleball-booking-system-main\\backend\\src\\app\\api\\refunds\\my\\route.ts": {"lines":{"total":6,"covered":0,"skipped":0,"pct":0},"functions":{"total":1,"covered":0,"skipped":0,"pct":0},"statements":{"total":6,"covered":0,"skipped":0,"pct":0},"branches":{"total":1,"covered":0,"skipped":0,"pct":0}}
,"C:\\Users\\Lenovo LEGION 5\\OneDrive\\Desktop\\SWT_TESTING\\pickleball-booking-system-main\\backend\\src\\app\\api\\refunds\\process\\route.ts": {"lines":{"total":6,"covered":0,"skipped":0,"pct":0},"functions":{"total":1,"covered":0,"skipped":0,"pct":0},"statements":{"total":6,"covered":0,"skipped":0,"pct":0},"branches":{"total":1,"covered":0,"skipped":0,"pct":0}}
,"C:\\Users\\Lenovo LEGION 5\\OneDrive\\Desktop\\SWT_TESTING\\pickleball-booking-system-main\\backend\\src\\app\\api\\refunds\\reject\\route.ts": {"lines":{"total":6,"covered":0,"skipped":0,"pct":0},"functions":{"total":1,"covered":0,"skipped":0,"pct":0},"statements":{"total":6,"covered":0,"skipped":0,"pct":0},"branches":{"total":1,"covered":0,"skipped":0,"pct":0}}
,"C:\\Users\\Lenovo LEGION 5\\OneDrive\\Desktop\\SWT_TESTING\\pickleball-booking-system-main\\backend\\src\\app\\api\\refunds\\request\\route.ts": {"lines":{"total":6,"covered":0,"skipped":0,"pct":0},"functions":{"total":1,"covered":0,"skipped":0,"pct":0},"statements":{"total":6,"covered":0,"skipped":0,"pct":0},"branches":{"total":1,"covered":0,"skipped":0,"pct":0}}
,"C:\\Users\\Lenovo LEGION 5\\OneDrive\\Desktop\\SWT_TESTING\\pickleball-booking-system-main\\backend\\src\\app\\api\\refunds\\status\\route.ts": {"lines":{"total":6,"covered":0,"skipped":0,"pct":0},"functions":{"total":1,"covered":0,"skipped":0,"pct":0},"statements":{"total":6,"covered":0,"skipped":0,"pct":0},"branches":{"total":1,"covered":0,"skipped":0,"pct":0}}
,"C:\\Users\\Lenovo LEGION 5\\OneDrive\\Desktop\\SWT_TESTING\\pickleball-booking-system-main\\backend\\src\\app\\api\\reviews\\route.ts": {"lines":{"total":5,"covered":0,"skipped":0,"pct":0},"functions":{"total":1,"covered":0,"skipped":0,"pct":0},"statements":{"total":5,"covered":0,"skipped":0,"pct":0},"branches":{"total":1,"covered":0,"skipped":0,"pct":0}}
,"C:\\Users\\Lenovo LEGION 5\\OneDrive\\Desktop\\SWT_TESTING\\pickleball-booking-system-main\\backend\\src\\app\\api\\staff\\bookings\\[bookingId]\\complete\\route.ts": {"lines":{"total":7,"covered":0,"skipped":0,"pct":0},"functions":{"total":1,"covered":0,"skipped":0,"pct":0},"statements":{"total":7,"covered":0,"skipped":0,"pct":0},"branches":{"total":1,"covered":0,"skipped":0,"pct":0}}
,"C:\\Users\\Lenovo LEGION 5\\OneDrive\\Desktop\\SWT_TESTING\\pickleball-booking-system-main\\backend\\src\\app\\api\\staff\\bookings\\[bookingId]\\no-show\\route.ts": {"lines":{"total":7,"covered":0,"skipped":0,"pct":0},"functions":{"total":1,"covered":0,"skipped":0,"pct":0},"statements":{"total":7,"covered":0,"skipped":0,"pct":0},"branches":{"total":1,"covered":0,"skipped":0,"pct":0}}
,"C:\\Users\\Lenovo LEGION 5\\OneDrive\\Desktop\\SWT_TESTING\\pickleball-booking-system-main\\backend\\src\\app\\api\\staff\\bookings\\walk-in\\route.ts": {"lines":{"total":6,"covered":0,"skipped":0,"pct":0},"functions":{"total":1,"covered":0,"skipped":0,"pct":0},"statements":{"total":6,"covered":0,"skipped":0,"pct":0},"branches":{"total":1,"covered":0,"skipped":0,"pct":0}}
,"C:\\Users\\Lenovo LEGION 5\\OneDrive\\Desktop\\SWT_TESTING\\pickleball-booking-system-main\\backend\\src\\app\\api\\staff\\courts\\status\\route.ts": {"lines":{"total":6,"covered":0,"skipped":0,"pct":0},"functions":{"total":1,"covered":0,"skipped":0,"pct":0},"statements":{"total":6,"covered":0,"skipped":0,"pct":0},"branches":{"total":1,"covered":0,"skipped":0,"pct":0}}
,"C:\\Users\\Lenovo LEGION 5\\OneDrive\\Desktop\\SWT_TESTING\\pickleball-booking-system-main\\backend\\src\\app\\api\\staff\\dashboard\\stats\\route.ts": {"lines":{"total":6,"covered":0,"skipped":0,"pct":0},"functions":{"total":1,"covered":0,"skipped":0,"pct":0},"statements":{"total":6,"covered":0,"skipped":0,"pct":0},"branches":{"total":1,"covered":0,"skipped":0,"pct":0}}
,"C:\\Users\\Lenovo LEGION 5\\OneDrive\\Desktop\\SWT_TESTING\\pickleball-booking-system-main\\backend\\src\\app\\api\\staff\\incidents\\route.ts": {"lines":{"total":10,"covered":0,"skipped":0,"pct":0},"functions":{"total":1,"covered":0,"skipped":0,"pct":0},"statements":{"total":10,"covered":0,"skipped":0,"pct":0},"branches":{"total":1,"covered":0,"skipped":0,"pct":0}}
,"C:\\Users\\Lenovo LEGION 5\\OneDrive\\Desktop\\SWT_TESTING\\pickleball-booking-system-main\\backend\\src\\app\\api\\static\\[...path]\\route.ts": {"lines":{"total":51,"covered":0,"skipped":0,"pct":0},"functions":{"total":1,"covered":0,"skipped":0,"pct":0},"statements":{"total":51,"covered":0,"skipped":0,"pct":0},"branches":{"total":1,"covered":0,"skipped":0,"pct":0}}
,"C:\\Users\\Lenovo LEGION 5\\OneDrive\\Desktop\\SWT_TESTING\\pickleball-booking-system-main\\backend\\src\\app\\api\\users\\me\\route.ts": {"lines":{"total":14,"covered":0,"skipped":0,"pct":0},"functions":{"total":1,"covered":0,"skipped":0,"pct":0},"statements":{"total":14,"covered":0,"skipped":0,"pct":0},"branches":{"total":1,"covered":0,"skipped":0,"pct":0}}
,"C:\\Users\\Lenovo LEGION 5\\OneDrive\\Desktop\\SWT_TESTING\\pickleball-booking-system-main\\backend\\src\\app\\api\\users\\search\\route.ts": {"lines":{"total":39,"covered":0,"skipped":0,"pct":0},"functions":{"total":1,"covered":0,"skipped":0,"pct":0},"statements":{"total":39,"covered":0,"skipped":0,"pct":0},"branches":{"total":1,"covered":0,"skipped":0,"pct":0}}
,"C:\\Users\\Lenovo LEGION 5\\OneDrive\\Desktop\\SWT_TESTING\\pickleball-booking-system-main\\backend\\src\\config\\database.ts": {"lines":{"total":19,"covered":0,"skipped":0,"pct":0},"functions":{"total":1,"covered":0,"skipped":0,"pct":0},"statements":{"total":19,"covered":0,"skipped":0,"pct":0},"branches":{"total":1,"covered":0,"skipped":0,"pct":0}}
,"C:\\Users\\Lenovo LEGION 5\\OneDrive\\Desktop\\SWT_TESTING\\pickleball-booking-system-main\\backend\\src\\config\\env.ts": {"lines":{"total":14,"covered":0,"skipped":0,"pct":0},"functions":{"total":1,"covered":0,"skipped":0,"pct":0},"statements":{"total":14,"covered":0,"skipped":0,"pct":0},"branches":{"total":1,"covered":0,"skipped":0,"pct":0}}
,"C:\\Users\\Lenovo LEGION 5\\OneDrive\\Desktop\\SWT_TESTING\\pickleball-booking-system-main\\backend\\src\\config\\payment.ts": {"lines":{"total":27,"covered":27,"skipped":0,"pct":100},"functions":{"total":0,"covered":0,"skipped":0,"pct":100},"statements":{"total":27,"covered":27,"skipped":0,"pct":100},"branches":{"total":0,"covered":0,"skipped":0,"pct":100}}
,"C:\\Users\\Lenovo LEGION 5\\OneDrive\\Desktop\\SWT_TESTING\\pickleball-booking-system-main\\backend\\src\\database\\connection.ts": {"lines":{"total":80,"covered":0,"skipped":0,"pct":0},"functions":{"total":1,"covered":0,"skipped":0,"pct":0},"statements":{"total":80,"covered":0,"skipped":0,"pct":0},"branches":{"total":1,"covered":0,"skipped":0,"pct":0}}
,"C:\\Users\\Lenovo LEGION 5\\OneDrive\\Desktop\\SWT_TESTING\\pickleball-booking-system-main\\backend\\src\\database\\transaction.ts": {"lines":{"total":13,"covered":0,"skipped":0,"pct":0},"functions":{"total":1,"covered":0,"skipped":0,"pct":0},"statements":{"total":13,"covered":0,"skipped":0,"pct":0},"branches":{"total":1,"covered":0,"skipped":0,"pct":0}}
,"C:\\Users\\Lenovo LEGION 5\\OneDrive\\Desktop\\SWT_TESTING\\pickleball-booking-system-main\\backend\\src\\database\\migrations\\create-backup-history-table.ts": {"lines":{"total":1,"covered":0,"skipped":0,"pct":0},"functions":{"total":1,"covered":0,"skipped":0,"pct":0},"statements":{"total":1,"covered":0,"skipped":0,"pct":0},"branches":{"total":1,"covered":0,"skipped":0,"pct":0}}
,"C:\\Users\\Lenovo LEGION 5\\OneDrive\\Desktop\\SWT_TESTING\\pickleball-booking-system-main\\backend\\src\\database\\migrations\\create-report-log-table.ts": {"lines":{"total":113,"covered":0,"skipped":0,"pct":0},"functions":{"total":1,"covered":0,"skipped":0,"pct":0},"statements":{"total":113,"covered":0,"skipped":0,"pct":0},"branches":{"total":1,"covered":0,"skipped":0,"pct":0}}
,"C:\\Users\\Lenovo LEGION 5\\OneDrive\\Desktop\\SWT_TESTING\\pickleball-booking-system-main\\backend\\src\\database\\migrations\\create-settings-table.ts": {"lines":{"total":1,"covered":0,"skipped":0,"pct":0},"functions":{"total":1,"covered":0,"skipped":0,"pct":0},"statements":{"total":1,"covered":0,"skipped":0,"pct":0},"branches":{"total":1,"covered":0,"skipped":0,"pct":0}}
,"C:\\Users\\Lenovo LEGION 5\\OneDrive\\Desktop\\SWT_TESTING\\pickleball-booking-system-main\\backend\\src\\database\\migrations\\create-system-log-table.ts": {"lines":{"total":1,"covered":0,"skipped":0,"pct":0},"functions":{"total":1,"covered":0,"skipped":0,"pct":0},"statements":{"total":1,"covered":0,"skipped":0,"pct":0},"branches":{"total":1,"covered":0,"skipped":0,"pct":0}}
,"C:\\Users\\Lenovo LEGION 5\\OneDrive\\Desktop\\SWT_TESTING\\pickleball-booking-system-main\\backend\\src\\middlewares\\auth.middleware.ts": {"lines":{"total":20,"covered":18,"skipped":0,"pct":90},"functions":{"total":2,"covered":2,"skipped":0,"pct":100},"statements":{"total":20,"covered":18,"skipped":0,"pct":90},"branches":{"total":6,"covered":5,"skipped":0,"pct":83.33}}
,"C:\\Users\\Lenovo LEGION 5\\OneDrive\\Desktop\\SWT_TESTING\\pickleball-booking-system-main\\backend\\src\\middlewares\\error.ts": {"lines":{"total":13,"covered":9,"skipped":0,"pct":69.23},"functions":{"total":1,"covered":1,"skipped":0,"pct":100},"statements":{"total":13,"covered":9,"skipped":0,"pct":69.23},"branches":{"total":3,"covered":1,"skipped":0,"pct":33.33}}
,"C:\\Users\\Lenovo LEGION 5\\OneDrive\\Desktop\\SWT_TESTING\\pickleball-booking-system-main\\backend\\src\\middlewares\\role.middleware.ts": {"lines":{"total":8,"covered":6,"skipped":0,"pct":75},"functions":{"total":1,"covered":1,"skipped":0,"pct":100},"statements":{"total":8,"covered":6,"skipped":0,"pct":75},"branches":{"total":3,"covered":2,"skipped":0,"pct":66.66}}
,"C:\\Users\\Lenovo LEGION 5\\OneDrive\\Desktop\\SWT_TESTING\\pickleball-booking-system-main\\backend\\src\\middlewares\\validate.middleware.ts": {"lines":{"total":6,"covered":0,"skipped":0,"pct":0},"functions":{"total":1,"covered":0,"skipped":0,"pct":0},"statements":{"total":6,"covered":0,"skipped":0,"pct":0},"branches":{"total":1,"covered":0,"skipped":0,"pct":0}}
,"C:\\Users\\Lenovo LEGION 5\\OneDrive\\Desktop\\SWT_TESTING\\pickleball-booking-system-main\\backend\\src\\modules\\ai\\ai.controller.ts": {"lines":{"total":38,"covered":0,"skipped":0,"pct":0},"functions":{"total":1,"covered":0,"skipped":0,"pct":0},"statements":{"total":38,"covered":0,"skipped":0,"pct":0},"branches":{"total":1,"covered":0,"skipped":0,"pct":0}}
,"C:\\Users\\Lenovo LEGION 5\\OneDrive\\Desktop\\SWT_TESTING\\pickleball-booking-system-main\\backend\\src\\modules\\ai\\ai.dto.ts": {"lines":{"total":1,"covered":0,"skipped":0,"pct":0},"functions":{"total":1,"covered":0,"skipped":0,"pct":0},"statements":{"total":1,"covered":0,"skipped":0,"pct":0},"branches":{"total":1,"covered":0,"skipped":0,"pct":0}}
,"C:\\Users\\Lenovo LEGION 5\\OneDrive\\Desktop\\SWT_TESTING\\pickleball-booking-system-main\\backend\\src\\modules\\ai\\ai.repository.ts": {"lines":{"total":1,"covered":0,"skipped":0,"pct":0},"functions":{"total":1,"covered":0,"skipped":0,"pct":0},"statements":{"total":1,"covered":0,"skipped":0,"pct":0},"branches":{"total":1,"covered":0,"skipped":0,"pct":0}}
,"C:\\Users\\Lenovo LEGION 5\\OneDrive\\Desktop\\SWT_TESTING\\pickleball-booking-system-main\\backend\\src\\modules\\ai\\ai.service.ts": {"lines":{"total":1459,"covered":18,"skipped":0,"pct":1.23},"functions":{"total":14,"covered":1,"skipped":0,"pct":7.14},"statements":{"total":1459,"covered":18,"skipped":0,"pct":1.23},"branches":{"total":2,"covered":2,"skipped":0,"pct":100}}
,"C:\\Users\\Lenovo LEGION 5\\OneDrive\\Desktop\\SWT_TESTING\\pickleball-booking-system-main\\backend\\src\\modules\\ai\\ai.type.ts": {"lines":{"total":132,"covered":0,"skipped":0,"pct":0},"functions":{"total":1,"covered":0,"skipped":0,"pct":0},"statements":{"total":132,"covered":0,"skipped":0,"pct":0},"branches":{"total":1,"covered":0,"skipped":0,"pct":0}}
,"C:\\Users\\Lenovo LEGION 5\\OneDrive\\Desktop\\SWT_TESTING\\pickleball-booking-system-main\\backend\\src\\modules\\ai\\ai.validation.ts": {"lines":{"total":1,"covered":0,"skipped":0,"pct":0},"functions":{"total":1,"covered":0,"skipped":0,"pct":0},"statements":{"total":1,"covered":0,"skipped":0,"pct":0},"branches":{"total":1,"covered":0,"skipped":0,"pct":0}}
,"C:\\Users\\Lenovo LEGION 5\\OneDrive\\Desktop\\SWT_TESTING\\pickleball-booking-system-main\\backend\\src\\modules\\ai\\session.manager.ts": {"lines":{"total":37,"covered":15,"skipped":0,"pct":40.54},"functions":{"total":4,"covered":1,"skipped":0,"pct":25},"statements":{"total":37,"covered":15,"skipped":0,"pct":40.54},"branches":{"total":1,"covered":1,"skipped":0,"pct":100}}
,"C:\\Users\\Lenovo LEGION 5\\OneDrive\\Desktop\\SWT_TESTING\\pickleball-booking-system-main\\backend\\src\\modules\\auth\\auth.controller.ts": {"lines":{"total":89,"covered":23,"skipped":0,"pct":25.84},"functions":{"total":7,"covered":2,"skipped":0,"pct":28.57},"statements":{"total":89,"covered":23,"skipped":0,"pct":25.84},"branches":{"total":4,"covered":3,"skipped":0,"pct":75}}
,"C:\\Users\\Lenovo LEGION 5\\OneDrive\\Desktop\\SWT_TESTING\\pickleball-booking-system-main\\backend\\src\\modules\\auth\\auth.dto.ts": {"lines":{"total":14,"covered":0,"skipped":0,"pct":0},"functions":{"total":1,"covered":0,"skipped":0,"pct":0},"statements":{"total":14,"covered":0,"skipped":0,"pct":0},"branches":{"total":1,"covered":0,"skipped":0,"pct":0}}
,"C:\\Users\\Lenovo LEGION 5\\OneDrive\\Desktop\\SWT_TESTING\\pickleball-booking-system-main\\backend\\src\\modules\\auth\\auth.repository.ts": {"lines":{"total":467,"covered":0,"skipped":0,"pct":0},"functions":{"total":1,"covered":0,"skipped":0,"pct":0},"statements":{"total":467,"covered":0,"skipped":0,"pct":0},"branches":{"total":1,"covered":0,"skipped":0,"pct":0}}
,"C:\\Users\\Lenovo LEGION 5\\OneDrive\\Desktop\\SWT_TESTING\\pickleball-booking-system-main\\backend\\src\\modules\\auth\\auth.service.ts": {"lines":{"total":230,"covered":72,"skipped":0,"pct":31.3},"functions":{"total":8,"covered":3,"skipped":0,"pct":37.5},"statements":{"total":230,"covered":72,"skipped":0,"pct":31.3},"branches":{"total":19,"covered":13,"skipped":0,"pct":68.42}}
,"C:\\Users\\Lenovo LEGION 5\\OneDrive\\Desktop\\SWT_TESTING\\pickleball-booking-system-main\\backend\\src\\modules\\auth\\auth.type.ts": {"lines":{"total":33,"covered":0,"skipped":0,"pct":0},"functions":{"total":1,"covered":0,"skipped":0,"pct":0},"statements":{"total":33,"covered":0,"skipped":0,"pct":0},"branches":{"total":1,"covered":0,"skipped":0,"pct":0}}
,"C:\\Users\\Lenovo LEGION 5\\OneDrive\\Desktop\\SWT_TESTING\\pickleball-booking-system-main\\backend\\src\\modules\\auth\\auth.validation.ts": {"lines":{"total":21,"covered":21,"skipped":0,"pct":100},"functions":{"total":0,"covered":0,"skipped":0,"pct":100},"statements":{"total":21,"covered":21,"skipped":0,"pct":100},"branches":{"total":0,"covered":0,"skipped":0,"pct":100}}
,"C:\\Users\\Lenovo LEGION 5\\OneDrive\\Desktop\\SWT_TESTING\\pickleball-booking-system-main\\backend\\src\\modules\\bookings\\bookings.controller.ts": {"lines":{"total":227,"covered":20,"skipped":0,"pct":8.81},"functions":{"total":14,"covered":1,"skipped":0,"pct":7.14},"statements":{"total":227,"covered":20,"skipped":0,"pct":8.81},"branches":{"total":3,"covered":2,"skipped":0,"pct":66.66}}
,"C:\\Users\\Lenovo LEGION 5\\OneDrive\\Desktop\\SWT_TESTING\\pickleball-booking-system-main\\backend\\src\\modules\\bookings\\bookings.repository.ts": {"lines":{"total":342,"covered":1,"skipped":0,"pct":0.29},"functions":{"total":23,"covered":0,"skipped":0,"pct":0},"statements":{"total":342,"covered":1,"skipped":0,"pct":0.29},"branches":{"total":0,"covered":0,"skipped":0,"pct":100}}
,"C:\\Users\\Lenovo LEGION 5\\OneDrive\\Desktop\\SWT_TESTING\\pickleball-booking-system-main\\backend\\src\\modules\\bookings\\bookings.service.ts": {"lines":{"total":638,"covered":60,"skipped":0,"pct":9.4},"functions":{"total":16,"covered":1,"skipped":0,"pct":6.25},"statements":{"total":638,"covered":60,"skipped":0,"pct":9.4},"branches":{"total":24,"covered":11,"skipped":0,"pct":45.83}}
,"C:\\Users\\Lenovo LEGION 5\\OneDrive\\Desktop\\SWT_TESTING\\pickleball-booking-system-main\\backend\\src\\modules\\bookings\\bookings.type.ts": {"lines":{"total":161,"covered":0,"skipped":0,"pct":0},"functions":{"total":1,"covered":0,"skipped":0,"pct":0},"statements":{"total":161,"covered":0,"skipped":0,"pct":0},"branches":{"total":1,"covered":0,"skipped":0,"pct":0}}
,"C:\\Users\\Lenovo LEGION 5\\OneDrive\\Desktop\\SWT_TESTING\\pickleball-booking-system-main\\backend\\src\\modules\\bookings\\bookings.validation.ts": {"lines":{"total":57,"covered":4,"skipped":0,"pct":7.01},"functions":{"total":4,"covered":0,"skipped":0,"pct":0},"statements":{"total":57,"covered":4,"skipped":0,"pct":7.01},"branches":{"total":0,"covered":0,"skipped":0,"pct":100}}
,"C:\\Users\\Lenovo LEGION 5\\OneDrive\\Desktop\\SWT_TESTING\\pickleball-booking-system-main\\backend\\src\\modules\\coaches\\coaches.controller.ts": {"lines":{"total":489,"covered":0,"skipped":0,"pct":0},"functions":{"total":1,"covered":0,"skipped":0,"pct":0},"statements":{"total":489,"covered":0,"skipped":0,"pct":0},"branches":{"total":1,"covered":0,"skipped":0,"pct":0}}
,"C:\\Users\\Lenovo LEGION 5\\OneDrive\\Desktop\\SWT_TESTING\\pickleball-booking-system-main\\backend\\src\\modules\\coaches\\coaches.dto.ts": {"lines":{"total":50,"covered":0,"skipped":0,"pct":0},"functions":{"total":1,"covered":0,"skipped":0,"pct":0},"statements":{"total":50,"covered":0,"skipped":0,"pct":0},"branches":{"total":1,"covered":0,"skipped":0,"pct":0}}
,"C:\\Users\\Lenovo LEGION 5\\OneDrive\\Desktop\\SWT_TESTING\\pickleball-booking-system-main\\backend\\src\\modules\\coaches\\coaches.repository.ts": {"lines":{"total":716,"covered":0,"skipped":0,"pct":0},"functions":{"total":1,"covered":0,"skipped":0,"pct":0},"statements":{"total":716,"covered":0,"skipped":0,"pct":0},"branches":{"total":1,"covered":0,"skipped":0,"pct":0}}
,"C:\\Users\\Lenovo LEGION 5\\OneDrive\\Desktop\\SWT_TESTING\\pickleball-booking-system-main\\backend\\src\\modules\\coaches\\coaches.service.ts": {"lines":{"total":361,"covered":25,"skipped":0,"pct":6.92},"functions":{"total":19,"covered":3,"skipped":0,"pct":15.78},"statements":{"total":361,"covered":25,"skipped":0,"pct":6.92},"branches":{"total":7,"covered":5,"skipped":0,"pct":71.42}}
,"C:\\Users\\Lenovo LEGION 5\\OneDrive\\Desktop\\SWT_TESTING\\pickleball-booking-system-main\\backend\\src\\modules\\coaches\\coaches.type.ts": {"lines":{"total":115,"covered":0,"skipped":0,"pct":0},"functions":{"total":1,"covered":0,"skipped":0,"pct":0},"statements":{"total":115,"covered":0,"skipped":0,"pct":0},"branches":{"total":1,"covered":0,"skipped":0,"pct":0}}
,"C:\\Users\\Lenovo LEGION 5\\OneDrive\\Desktop\\SWT_TESTING\\pickleball-booking-system-main\\backend\\src\\modules\\coaches\\coaches.validation.ts": {"lines":{"total":142,"covered":49,"skipped":0,"pct":34.5},"functions":{"total":13,"covered":3,"skipped":0,"pct":23.07},"statements":{"total":142,"covered":49,"skipped":0,"pct":34.5},"branches":{"total":6,"covered":3,"skipped":0,"pct":50}}
,"C:\\Users\\Lenovo LEGION 5\\OneDrive\\Desktop\\SWT_TESTING\\pickleball-booking-system-main\\backend\\src\\modules\\courts\\courts.controller.ts": {"lines":{"total":290,"covered":19,"skipped":0,"pct":6.55},"functions":{"total":11,"covered":1,"skipped":0,"pct":9.09},"statements":{"total":290,"covered":19,"skipped":0,"pct":6.55},"branches":{"total":5,"covered":3,"skipped":0,"pct":60}}
,"C:\\Users\\Lenovo LEGION 5\\OneDrive\\Desktop\\SWT_TESTING\\pickleball-booking-system-main\\backend\\src\\modules\\courts\\courts.dto.ts": {"lines":{"total":38,"covered":0,"skipped":0,"pct":0},"functions":{"total":1,"covered":0,"skipped":0,"pct":0},"statements":{"total":38,"covered":0,"skipped":0,"pct":0},"branches":{"total":1,"covered":0,"skipped":0,"pct":0}}
,"C:\\Users\\Lenovo LEGION 5\\OneDrive\\Desktop\\SWT_TESTING\\pickleball-booking-system-main\\backend\\src\\modules\\courts\\courts.repository.ts": {"lines":{"total":476,"covered":0,"skipped":0,"pct":0},"functions":{"total":1,"covered":0,"skipped":0,"pct":0},"statements":{"total":476,"covered":0,"skipped":0,"pct":0},"branches":{"total":1,"covered":0,"skipped":0,"pct":0}}
,"C:\\Users\\Lenovo LEGION 5\\OneDrive\\Desktop\\SWT_TESTING\\pickleball-booking-system-main\\backend\\src\\modules\\courts\\courts.service.ts": {"lines":{"total":275,"covered":27,"skipped":0,"pct":9.81},"functions":{"total":11,"covered":3,"skipped":0,"pct":27.27},"statements":{"total":275,"covered":27,"skipped":0,"pct":9.81},"branches":{"total":8,"covered":7,"skipped":0,"pct":87.5}}
,"C:\\Users\\Lenovo LEGION 5\\OneDrive\\Desktop\\SWT_TESTING\\pickleball-booking-system-main\\backend\\src\\modules\\courts\\courts.type.ts": {"lines":{"total":24,"covered":0,"skipped":0,"pct":0},"functions":{"total":1,"covered":0,"skipped":0,"pct":0},"statements":{"total":24,"covered":0,"skipped":0,"pct":0},"branches":{"total":1,"covered":0,"skipped":0,"pct":0}}
,"C:\\Users\\Lenovo LEGION 5\\OneDrive\\Desktop\\SWT_TESTING\\pickleball-booking-system-main\\backend\\src\\modules\\courts\\courts.validation.ts": {"lines":{"total":66,"covered":14,"skipped":0,"pct":21.21},"functions":{"total":6,"covered":2,"skipped":0,"pct":33.33},"statements":{"total":66,"covered":14,"skipped":0,"pct":21.21},"branches":{"total":5,"covered":2,"skipped":0,"pct":40}}
,"C:\\Users\\Lenovo LEGION 5\\OneDrive\\Desktop\\SWT_TESTING\\pickleball-booking-system-main\\backend\\src\\modules\\logs\\logs.controller.ts": {"lines":{"total":1,"covered":0,"skipped":0,"pct":0},"functions":{"total":1,"covered":0,"skipped":0,"pct":0},"statements":{"total":1,"covered":0,"skipped":0,"pct":0},"branches":{"total":1,"covered":0,"skipped":0,"pct":0}}
,"C:\\Users\\Lenovo LEGION 5\\OneDrive\\Desktop\\SWT_TESTING\\pickleball-booking-system-main\\backend\\src\\modules\\logs\\logs.dto.ts": {"lines":{"total":1,"covered":0,"skipped":0,"pct":0},"functions":{"total":1,"covered":0,"skipped":0,"pct":0},"statements":{"total":1,"covered":0,"skipped":0,"pct":0},"branches":{"total":1,"covered":0,"skipped":0,"pct":0}}
,"C:\\Users\\Lenovo LEGION 5\\OneDrive\\Desktop\\SWT_TESTING\\pickleball-booking-system-main\\backend\\src\\modules\\logs\\logs.repository.ts": {"lines":{"total":27,"covered":0,"skipped":0,"pct":0},"functions":{"total":1,"covered":0,"skipped":0,"pct":0},"statements":{"total":27,"covered":0,"skipped":0,"pct":0},"branches":{"total":1,"covered":0,"skipped":0,"pct":0}}
,"C:\\Users\\Lenovo LEGION 5\\OneDrive\\Desktop\\SWT_TESTING\\pickleball-booking-system-main\\backend\\src\\modules\\logs\\logs.service.ts": {"lines":{"total":10,"covered":0,"skipped":0,"pct":0},"functions":{"total":1,"covered":0,"skipped":0,"pct":0},"statements":{"total":10,"covered":0,"skipped":0,"pct":0},"branches":{"total":1,"covered":0,"skipped":0,"pct":0}}
,"C:\\Users\\Lenovo LEGION 5\\OneDrive\\Desktop\\SWT_TESTING\\pickleball-booking-system-main\\backend\\src\\modules\\logs\\logs.type.ts": {"lines":{"total":1,"covered":0,"skipped":0,"pct":0},"functions":{"total":1,"covered":0,"skipped":0,"pct":0},"statements":{"total":1,"covered":0,"skipped":0,"pct":0},"branches":{"total":1,"covered":0,"skipped":0,"pct":0}}
,"C:\\Users\\Lenovo LEGION 5\\OneDrive\\Desktop\\SWT_TESTING\\pickleball-booking-system-main\\backend\\src\\modules\\logs\\logs.validation.ts": {"lines":{"total":1,"covered":0,"skipped":0,"pct":0},"functions":{"total":1,"covered":0,"skipped":0,"pct":0},"statements":{"total":1,"covered":0,"skipped":0,"pct":0},"branches":{"total":1,"covered":0,"skipped":0,"pct":0}}
,"C:\\Users\\Lenovo LEGION 5\\OneDrive\\Desktop\\SWT_TESTING\\pickleball-booking-system-main\\backend\\src\\modules\\maintenance\\maintenance.controller.ts": {"lines":{"total":64,"covered":0,"skipped":0,"pct":0},"functions":{"total":1,"covered":0,"skipped":0,"pct":0},"statements":{"total":64,"covered":0,"skipped":0,"pct":0},"branches":{"total":1,"covered":0,"skipped":0,"pct":0}}
,"C:\\Users\\Lenovo LEGION 5\\OneDrive\\Desktop\\SWT_TESTING\\pickleball-booking-system-main\\backend\\src\\modules\\maintenance\\maintenance.dto.ts": {"lines":{"total":1,"covered":0,"skipped":0,"pct":0},"functions":{"total":1,"covered":0,"skipped":0,"pct":0},"statements":{"total":1,"covered":0,"skipped":0,"pct":0},"branches":{"total":1,"covered":0,"skipped":0,"pct":0}}
[...]
,"C:\\Users\\Lenovo LEGION 5\\OneDrive\\Desktop\\SWT_TESTING\\pickleball-booking-system-main\\frontend\\src\\services\\coachApi.ts": {"lines":{"total":246,"covered":0,"skipped":0,"pct":0},"functions":{"total":1,"covered":0,"skipped":0,"pct":0},"statements":{"total":246,"covered":0,"skipped":0,"pct":0},"branches":{"total":1,"covered":0,"skipped":0,"pct":0}}
,"C:\\Users\\Lenovo LEGION 5\\OneDrive\\Desktop\\SWT_TESTING\\pickleball-booking-system-main\\frontend\\src\\services\\courtApi.ts": {"lines":{"total":130,"covered":0,"skipped":0,"pct":0},"functions":{"total":1,"covered":0,"skipped":0,"pct":0},"statements":{"total":130,"covered":0,"skipped":0,"pct":0},"branches":{"total":1,"covered":0,"skipped":0,"pct":0}}
,"C:\\Users\\Lenovo LEGION 5\\OneDrive\\Desktop\\SWT_TESTING\\pickleball-booking-system-main\\frontend\\src\\services\\matchingApi.ts": {"lines":{"total":333,"covered":0,"skipped":0,"pct":0},"functions":{"total":1,"covered":0,"skipped":0,"pct":0},"statements":{"total":333,"covered":0,"skipped":0,"pct":0},"branches":{"total":1,"covered":0,"skipped":0,"pct":0}}
,"C:\\Users\\Lenovo LEGION 5\\OneDrive\\Desktop\\SWT_TESTING\\pickleball-booking-system-main\\frontend\\src\\services\\notificationApi.ts": {"lines":{"total":21,"covered":0,"skipped":0,"pct":0},"functions":{"total":1,"covered":0,"skipped":0,"pct":0},"statements":{"total":21,"covered":0,"skipped":0,"pct":0},"branches":{"total":1,"covered":0,"skipped":0,"pct":0}}
,"C:\\Users\\Lenovo LEGION 5\\OneDrive\\Desktop\\SWT_TESTING\\pickleball-booking-system-main\\frontend\\src\\services\\operationApi.ts": {"lines":{"total":65,"covered":0,"skipped":0,"pct":0},"functions":{"total":1,"covered":0,"skipped":0,"pct":0},"statements":{"total":65,"covered":0,"skipped":0,"pct":0},"branches":{"total":1,"covered":0,"skipped":0,"pct":0}}
,"C:\\Users\\Lenovo LEGION 5\\OneDrive\\Desktop\\SWT_TESTING\\pickleball-booking-system-main\\frontend\\src\\services\\paymentApi.ts": {"lines":{"total":76,"covered":0,"skipped":0,"pct":0},"functions":{"total":1,"covered":0,"skipped":0,"pct":0},"statements":{"total":76,"covered":0,"skipped":0,"pct":0},"branches":{"total":1,"covered":0,"skipped":0,"pct":0}}
,"C:\\Users\\Lenovo LEGION 5\\OneDrive\\Desktop\\SWT_TESTING\\pickleball-booking-system-main\\frontend\\src\\services\\profileApi.ts": {"lines":{"total":41,"covered":0,"skipped":0,"pct":0},"functions":{"total":1,"covered":0,"skipped":0,"pct":0},"statements":{"total":41,"covered":0,"skipped":0,"pct":0},"branches":{"total":1,"covered":0,"skipped":0,"pct":0}}
,"C:\\Users\\Lenovo LEGION 5\\OneDrive\\Desktop\\SWT_TESTING\\pickleball-booking-system-main\\frontend\\src\\services\\promotionApi.ts": {"lines":{"total":183,"covered":0,"skipped":0,"pct":0},"functions":{"total":1,"covered":0,"skipped":0,"pct":0},"statements":{"total":183,"covered":0,"skipped":0,"pct":0},"branches":{"total":1,"covered":0,"skipped":0,"pct":0}}
,"C:\\Users\\Lenovo LEGION 5\\OneDrive\\Desktop\\SWT_TESTING\\pickleball-booking-system-main\\frontend\\src\\services\\refundApi.ts": {"lines":{"total":195,"covered":0,"skipped":0,"pct":0},"functions":{"total":1,"covered":0,"skipped":0,"pct":0},"statements":{"total":195,"covered":0,"skipped":0,"pct":0},"branches":{"total":1,"covered":0,"skipped":0,"pct":0}}
,"C:\\Users\\Lenovo LEGION 5\\OneDrive\\Desktop\\SWT_TESTING\\pickleball-booking-system-main\\frontend\\src\\services\\reviewApi.ts": {"lines":{"total":8,"covered":0,"skipped":0,"pct":0},"functions":{"total":1,"covered":0,"skipped":0,"pct":0},"statements":{"total":8,"covered":0,"skipped":0,"pct":0},"branches":{"total":1,"covered":0,"skipped":0,"pct":0}}
,"C:\\Users\\Lenovo LEGION 5\\OneDrive\\Desktop\\SWT_TESTING\\pickleball-booking-system-main\\frontend\\src\\services\\staff-booking.service.ts": {"lines":{"total":71,"covered":0,"skipped":0,"pct":0},"functions":{"total":1,"covered":0,"skipped":0,"pct":0},"statements":{"total":71,"covered":0,"skipped":0,"pct":0},"branches":{"total":1,"covered":0,"skipped":0,"pct":0}}
,"C:\\Users\\Lenovo LEGION 5\\OneDrive\\Desktop\\SWT_TESTING\\pickleball-booking-system-main\\frontend\\src\\services\\staff-courts.service.ts": {"lines":{"total":18,"covered":0,"skipped":0,"pct":0},"functions":{"total":1,"covered":0,"skipped":0,"pct":0},"statements":{"total":18,"covered":0,"skipped":0,"pct":0},"branches":{"total":1,"covered":0,"skipped":0,"pct":0}}
,"C:\\Users\\Lenovo LEGION 5\\OneDrive\\Desktop\\SWT_TESTING\\pickleball-booking-system-main\\frontend\\src\\services\\staff-dashboard.service.ts": {"lines":{"total":18,"covered":0,"skipped":0,"pct":0},"functions":{"total":1,"covered":0,"skipped":0,"pct":0},"statements":{"total":18,"covered":0,"skipped":0,"pct":0},"branches":{"total":1,"covered":0,"skipped":0,"pct":0}}
,"C:\\Users\\Lenovo LEGION 5\\OneDrive\\Desktop\\SWT_TESTING\\pickleball-booking-system-main\\frontend\\src\\services\\staff-incidents.service.ts": {"lines":{"total":37,"covered":0,"skipped":0,"pct":0},"functions":{"total":1,"covered":0,"skipped":0,"pct":0},"statements":{"total":37,"covered":0,"skipped":0,"pct":0},"branches":{"total":1,"covered":0,"skipped":0,"pct":0}}
,"C:\\Users\\Lenovo LEGION 5\\OneDrive\\Desktop\\SWT_TESTING\\pickleball-booking-system-main\\frontend\\src\\services\\staff-operations.service.ts": {"lines":{"total":136,"covered":0,"skipped":0,"pct":0},"functions":{"total":1,"covered":0,"skipped":0,"pct":0},"statements":{"total":136,"covered":0,"skipped":0,"pct":0},"branches":{"total":1,"covered":0,"skipped":0,"pct":0}}
,"C:\\Users\\Lenovo LEGION 5\\OneDrive\\Desktop\\SWT_TESTING\\pickleball-booking-system-main\\frontend\\src\\services\\userApi.ts": {"lines":{"total":48,"covered":0,"skipped":0,"pct":0},"functions":{"total":1,"covered":0,"skipped":0,"pct":0},"statements":{"total":48,"covered":0,"skipped":0,"pct":0},"branches":{"total":1,"covered":0,"skipped":0,"pct":0}}
,"C:\\Users\\Lenovo LEGION 5\\OneDrive\\Desktop\\SWT_TESTING\\pickleball-booking-system-main\\frontend\\src\\types\\admin-user.types.ts": {"lines":{"total":39,"covered":0,"skipped":0,"pct":0},"functions":{"total":1,"covered":0,"skipped":0,"pct":0},"statements":{"total":39,"covered":0,"skipped":0,"pct":0},"branches":{"total":1,"covered":0,"skipped":0,"pct":0}}
,"C:\\Users\\Lenovo LEGION 5\\OneDrive\\Desktop\\SWT_TESTING\\pickleball-booking-system-main\\frontend\\src\\types\\admin.types.ts": {"lines":{"total":1,"covered":0,"skipped":0,"pct":0},"functions":{"total":1,"covered":0,"skipped":0,"pct":0},"statements":{"total":1,"covered":0,"skipped":0,"pct":0},"branches":{"total":1,"covered":0,"skipped":0,"pct":0}}
,"C:\\Users\\Lenovo LEGION 5\\OneDrive\\Desktop\\SWT_TESTING\\pickleball-booking-system-main\\frontend\\src\\types\\api.ts": {"lines":{"total":5,"covered":0,"skipped":0,"pct":0},"functions":{"total":1,"covered":0,"skipped":0,"pct":0},"statements":{"total":5,"covered":0,"skipped":0,"pct":0},"branches":{"total":1,"covered":0,"skipped":0,"pct":0}}
,"C:\\Users\\Lenovo LEGION 5\\OneDrive\\Desktop\\SWT_TESTING\\pickleball-booking-system-main\\frontend\\src\\types\\audit-log.types.ts": {"lines":{"total":1,"covered":0,"skipped":0,"pct":0},"functions":{"total":1,"covered":0,"skipped":0,"pct":0},"statements":{"total":1,"covered":0,"skipped":0,"pct":0},"branches":{"total":1,"covered":0,"skipped":0,"pct":0}}
,"C:\\Users\\Lenovo LEGION 5\\OneDrive\\Desktop\\SWT_TESTING\\pickleball-booking-system-main\\frontend\\src\\types\\auth.ts": {"lines":{"total":39,"covered":0,"skipped":0,"pct":0},"functions":{"total":1,"covered":0,"skipped":0,"pct":0},"statements":{"total":39,"covered":0,"skipped":0,"pct":0},"branches":{"total":1,"covered":0,"skipped":0,"pct":0}}
,"C:\\Users\\Lenovo LEGION 5\\OneDrive\\Desktop\\SWT_TESTING\\pickleball-booking-system-main\\frontend\\src\\types\\coach.ts": {"lines":{"total":47,"covered":0,"skipped":0,"pct":0},"functions":{"total":1,"covered":0,"skipped":0,"pct":0},"statements":{"total":47,"covered":0,"skipped":0,"pct":0},"branches":{"total":1,"covered":0,"skipped":0,"pct":0}}
,"C:\\Users\\Lenovo LEGION 5\\OneDrive\\Desktop\\SWT_TESTING\\pickleball-booking-system-main\\frontend\\src\\types\\court.ts": {"lines":{"total":16,"covered":0,"skipped":0,"pct":0},"functions":{"total":1,"covered":0,"skipped":0,"pct":0},"statements":{"total":16,"covered":0,"skipped":0,"pct":0},"branches":{"total":1,"covered":0,"skipped":0,"pct":0}}
,"C:\\Users\\Lenovo LEGION 5\\OneDrive\\Desktop\\SWT_TESTING\\pickleball-booking-system-main\\frontend\\src\\types\\operationTypes.ts": {"lines":{"total":46,"covered":0,"skipped":0,"pct":0},"functions":{"total":1,"covered":0,"skipped":0,"pct":0},"statements":{"total":46,"covered":0,"skipped":0,"pct":0},"branches":{"total":1,"covered":0,"skipped":0,"pct":0}}
,"C:\\Users\\Lenovo LEGION 5\\OneDrive\\Desktop\\SWT_TESTING\\pickleball-booking-system-main\\frontend\\src\\types\\profile.ts": {"lines":{"total":33,"covered":0,"skipped":0,"pct":0},"functions":{"total":1,"covered":0,"skipped":0,"pct":0},"statements":{"total":33,"covered":0,"skipped":0,"pct":0},"branches":{"total":1,"covered":0,"skipped":0,"pct":0}}
,"C:\\Users\\Lenovo LEGION 5\\OneDrive\\Desktop\\SWT_TESTING\\pickleball-booking-system-main\\frontend\\src\\types\\promotion.ts": {"lines":{"total":121,"covered":0,"skipped":0,"pct":0},"functions":{"total":1,"covered":0,"skipped":0,"pct":0},"statements":{"total":121,"covered":0,"skipped":0,"pct":0},"branches":{"total":1,"covered":0,"skipped":0,"pct":0}}
,"C:\\Users\\Lenovo LEGION 5\\OneDrive\\Desktop\\SWT_TESTING\\pickleball-booking-system-main\\frontend\\src\\types\\report.types.ts": {"lines":{"total":87,"covered":0,"skipped":0,"pct":0},"functions":{"total":1,"covered":0,"skipped":0,"pct":0},"statements":{"total":87,"covered":0,"skipped":0,"pct":0},"branches":{"total":1,"covered":0,"skipped":0,"pct":0}}
,"C:\\Users\\Lenovo LEGION 5\\OneDrive\\Desktop\\SWT_TESTING\\pickleball-booking-system-main\\frontend\\src\\types\\revenue.types.ts": {"lines":{"total":47,"covered":0,"skipped":0,"pct":0},"functions":{"total":1,"covered":0,"skipped":0,"pct":0},"statements":{"total":47,"covered":0,"skipped":0,"pct":0},"branches":{"total":1,"covered":0,"skipped":0,"pct":0}}
,"C:\\Users\\Lenovo LEGION 5\\OneDrive\\Desktop\\SWT_TESTING\\pickleball-booking-system-main\\frontend\\src\\types\\review.ts": {"lines":{"total":9,"covered":0,"skipped":0,"pct":0},"functions":{"total":1,"covered":0,"skipped":0,"pct":0},"statements":{"total":9,"covered":0,"skipped":0,"pct":0},"branches":{"total":1,"covered":0,"skipped":0,"pct":0}}
,"C:\\Users\\Lenovo LEGION 5\\OneDrive\\Desktop\\SWT_TESTING\\pickleball-booking-system-main\\frontend\\src\\types\\setting.types.ts": {"lines":{"total":1,"covered":0,"skipped":0,"pct":0},"functions":{"total":1,"covered":0,"skipped":0,"pct":0},"statements":{"total":1,"covered":0,"skipped":0,"pct":0},"branches":{"total":1,"covered":0,"skipped":0,"pct":0}}
,"C:\\Users\\Lenovo LEGION 5\\OneDrive\\Desktop\\SWT_TESTING\\pickleball-booking-system-main\\frontend\\src\\types\\staff-booking.types.ts": {"lines":{"total":62,"covered":0,"skipped":0,"pct":0},"functions":{"total":1,"covered":0,"skipped":0,"pct":0},"statements":{"total":62,"covered":0,"skipped":0,"pct":0},"branches":{"total":1,"covered":0,"skipped":0,"pct":0}}
,"C:\\Users\\Lenovo LEGION 5\\OneDrive\\Desktop\\SWT_TESTING\\pickleball-booking-system-main\\frontend\\src\\types\\staff.types.ts": {"lines":{"total":126,"covered":0,"skipped":0,"pct":0},"functions":{"total":1,"covered":0,"skipped":0,"pct":0},"statements":{"total":126,"covered":0,"skipped":0,"pct":0},"branches":{"total":1,"covered":0,"skipped":0,"pct":0}}
,"C:\\Users\\Lenovo LEGION 5\\OneDrive\\Desktop\\SWT_TESTING\\pickleball-booking-system-main\\frontend\\src\\utils\\authStorage.ts": {"lines":{"total":49,"covered":0,"skipped":0,"pct":0},"functions":{"total":1,"covered":0,"skipped":0,"pct":0},"statements":{"total":49,"covered":0,"skipped":0,"pct":0},"branches":{"total":1,"covered":0,"skipped":0,"pct":0}}
,"C:\\Users\\Lenovo LEGION 5\\OneDrive\\Desktop\\SWT_TESTING\\pickleball-booking-system-main\\frontend\\src\\utils\\formatCurrency.ts": {"lines":{"total":7,"covered":0,"skipped":0,"pct":0},"functions":{"total":1,"covered":0,"skipped":0,"pct":0},"statements":{"total":7,"covered":0,"skipped":0,"pct":0},"branches":{"total":1,"covered":0,"skipped":0,"pct":0}}
,"C:\\Users\\Lenovo LEGION 5\\OneDrive\\Desktop\\SWT_TESTING\\pickleball-booking-system-main\\frontend\\src\\utils\\image.ts": {"lines":{"total":38,"covered":0,"skipped":0,"pct":0},"functions":{"total":1,"covered":0,"skipped":0,"pct":0},"statements":{"total":38,"covered":0,"skipped":0,"pct":0},"branches":{"total":1,"covered":0,"skipped":0,"pct":0}}
,"C:\\Users\\Lenovo LEGION 5\\OneDrive\\Desktop\\SWT_TESTING\\pickleball-booking-system-main\\frontend\\src\\utils\\timeFormat.ts": {"lines":{"total":46,"covered":0,"skipped":0,"pct":0},"functions":{"total":1,"covered":0,"skipped":0,"pct":0},"statements":{"total":46,"covered":0,"skipped":0,"pct":0},"branches":{"total":1,"covered":0,"skipped":0,"pct":0}}
,"C:\\Users\\Lenovo LEGION 5\\OneDrive\\Desktop\\SWT_TESTING\\pickleball-booking-system-main\\frontend\\src\\utils\\validators.ts": {"lines":{"total":9,"covered":5,"skipped":0,"pct":55.55},"functions":{"total":3,"covered":1,"skipped":0,"pct":33.33},"statements":{"total":9,"covered":5,"skipped":0,"pct":55.55},"branches":{"total":1,"covered":1,"skipped":0,"pct":100}}
,"C:\\Users\\Lenovo LEGION 5\\OneDrive\\Desktop\\SWT_TESTING\\pickleball-booking-system-main\\scripts\\generate-dashboard-data.ts": {"lines":{"total":336,"covered":0,"skipped":0,"pct":0},"functions":{"total":1,"covered":0,"skipped":0,"pct":0},"statements":{"total":336,"covered":0,"skipped":0,"pct":0},"branches":{"total":1,"covered":0,"skipped":0,"pct":0}}
,"C:\\Users\\Lenovo LEGION 5\\OneDrive\\Desktop\\SWT_TESTING\\pickleball-booking-system-main\\scripts\\generate-test-dashboard.js": {"lines":{"total":105,"covered":0,"skipped":0,"pct":0},"functions":{"total":1,"covered":0,"skipped":0,"pct":0},"statements":{"total":105,"covered":0,"skipped":0,"pct":0},"branches":{"total":1,"covered":0,"skipped":0,"pct":0}}
,"C:\\Users\\Lenovo LEGION 5\\OneDrive\\Desktop\\SWT_TESTING\\pickleball-booking-system-main\\scripts\\serve-dashboard.js": {"lines":{"total":34,"covered":0,"skipped":0,"pct":0},"functions":{"total":1,"covered":0,"skipped":0,"pct":0},"statements":{"total":34,"covered":0,"skipped":0,"pct":0},"branches":{"total":1,"covered":0,"skipped":0,"pct":0}}
,"C:\\Users\\Lenovo LEGION 5\\OneDrive\\Desktop\\SWT_TESTING\\pickleball-booking-system-main\\test-dashboard\\dashboard.js": {"lines":{"total":98,"covered":0,"skipped":0,"pct":0},"functions":{"total":1,"covered":0,"skipped":0,"pct":0},"statements":{"total":98,"covered":0,"skipped":0,"pct":0},"branches":{"total":1,"covered":0,"skipped":0,"pct":0}}
,"C:\\Users\\Lenovo LEGION 5\\OneDrive\\Desktop\\SWT_TESTING\\pickleball-booking-system-main\\test-dashboard-src\\postcss.config.js": {"lines":{"total":6,"covered":0,"skipped":0,"pct":0},"functions":{"total":1,"covered":0,"skipped":0,"pct":0},"statements":{"total":6,"covered":0,"skipped":0,"pct":0},"branches":{"total":1,"covered":0,"skipped":0,"pct":0}}
,"C:\\Users\\Lenovo LEGION 5\\OneDrive\\Desktop\\SWT_TESTING\\pickleball-booking-system-main\\test-dashboard-src\\tailwind.config.js": {"lines":{"total":16,"covered":0,"skipped":0,"pct":0},"functions":{"total":1,"covered":0,"skipped":0,"pct":0},"statements":{"total":16,"covered":0,"skipped":0,"pct":0},"branches":{"total":1,"covered":0,"skipped":0,"pct":0}}
,"C:\\Users\\Lenovo LEGION 5\\OneDrive\\Desktop\\SWT_TESTING\\pickleball-booking-system-main\\test-dashboard-src\\vite.config.ts": {"lines":{"total":12,"covered":0,"skipped":0,"pct":0},"functions":{"total":1,"covered":0,"skipped":0,"pct":0},"statements":{"total":12,"covered":0,"skipped":0,"pct":0},"branches":{"total":1,"covered":0,"skipped":0,"pct":0}}
,"C:\\Users\\Lenovo LEGION 5\\OneDrive\\Desktop\\SWT_TESTING\\pickleball-booking-system-main\\test-dashboard-src\\src\\App.tsx": {"lines":{"total":1059,"covered":0,"skipped":0,"pct":0},"functions":{"total":1,"covered":0,"skipped":0,"pct":0},"statements":{"total":1059,"covered":0,"skipped":0,"pct":0},"branches":{"total":1,"covered":0,"skipped":0,"pct":0}}
,"C:\\Users\\Lenovo LEGION 5\\OneDrive\\Desktop\\SWT_TESTING\\pickleball-booking-system-main\\test-dashboard-src\\src\\main.tsx": {"lines":{"total":10,"covered":0,"skipped":0,"pct":0},"functions":{"total":1,"covered":0,"skipped":0,"pct":0},"statements":{"total":10,"covered":0,"skipped":0,"pct":0},"branches":{"total":1,"covered":0,"skipped":0,"pct":0}}
,"C:\\Users\\Lenovo LEGION 5\\OneDrive\\Desktop\\SWT_TESTING\\pickleball-booking-system-main\\test-dashboard\\assets\\index-CUGVcI6B.js": {"lines":{"total":65,"covered":0,"skipped":0,"pct":0},"functions":{"total":1,"covered":0,"skipped":0,"pct":0},"statements":{"total":65,"covered":0,"skipped":0,"pct":0},"branches":{"total":1,"covered":0,"skipped":0,"pct":0}}
,"C:\\Users\\Lenovo LEGION 5\\OneDrive\\Desktop\\SWT_TESTING\\pickleball-booking-system-main\\test-dashboard\\assets\\index-CaE1d0D5.js": {"lines":{"total":65,"covered":0,"skipped":0,"pct":0},"functions":{"total":1,"covered":0,"skipped":0,"pct":0},"statements":{"total":65,"covered":0,"skipped":0,"pct":0},"branches":{"total":1,"covered":0,"skipped":0,"pct":0}}
,"C:\\Users\\Lenovo LEGION 5\\OneDrive\\Desktop\\SWT_TESTING\\pickleball-booking-system-main\\test-dashboard\\assets\\index-CoczpHx7.js": {"lines":{"total":65,"covered":0,"skipped":0,"pct":0},"functions":{"total":1,"covered":0,"skipped":0,"pct":0},"statements":{"total":65,"covered":0,"skipped":0,"pct":0},"branches":{"total":1,"covered":0,"skipped":0,"pct":0}}
,"C:\\Users\\Lenovo LEGION 5\\OneDrive\\Desktop\\SWT_TESTING\\pickleball-booking-system-main\\test-dashboard\\assets\\index-DJhVJ3HF.js": {"lines":{"total":65,"covered":0,"skipped":0,"pct":0},"functions":{"total":1,"covered":0,"skipped":0,"pct":0},"statements":{"total":65,"covered":0,"skipped":0,"pct":0},"branches":{"total":1,"covered":0,"skipped":0,"pct":0}}
,"C:\\Users\\Lenovo LEGION 5\\OneDrive\\Desktop\\SWT_TESTING\\pickleball-booking-system-main\\test-dashboard\\assets\\index-Dsvjy3ua.js": {"lines":{"total":65,"covered":0,"skipped":0,"pct":0},"functions":{"total":1,"covered":0,"skipped":0,"pct":0},"statements":{"total":65,"covered":0,"skipped":0,"pct":0},"branches":{"total":1,"covered":0,"skipped":0,"pct":0}}
,"C:\\Users\\Lenovo LEGION 5\\OneDrive\\Desktop\\SWT_TESTING\\pickleball-booking-system-main\\tmp\\presentations\\pcs-10-week-summary\\tmp\\build_pcs_detailed_19_deck.mjs": {"lines":{"total":263,"covered":0,"skipped":0,"pct":0},"functions":{"total":1,"covered":0,"skipped":0,"pct":0},"statements":{"total":263,"covered":0,"skipped":0,"pct":0},"branches":{"total":1,"covered":0,"skipped":0,"pct":0}}
,"C:\\Users\\Lenovo LEGION 5\\OneDrive\\Desktop\\SWT_TESTING\\pickleball-booking-system-main\\tmp\\presentations\\pcs-10-week-summary\\tmp\\build_pcs_summary_deck.mjs": {"lines":{"total":220,"covered":0,"skipped":0,"pct":0},"functions":{"total":1,"covered":0,"skipped":0,"pct":0},"statements":{"total":220,"covered":0,"skipped":0,"pct":0},"branches":{"total":1,"covered":0,"skipped":0,"pct":0}}
,"C:\\Users\\Lenovo LEGION 5\\OneDrive\\Desktop\\SWT_TESTING\\pickleball-booking-system-main\\tools\\build_pcs_detailed_19_deck.mjs": {"lines":{"total":263,"covered":0,"skipped":0,"pct":0},"functions":{"total":1,"covered":0,"skipped":0,"pct":0},"statements":{"total":263,"covered":0,"skipped":0,"pct":0},"branches":{"total":1,"covered":0,"skipped":0,"pct":0}}
,"C:\\Users\\Lenovo LEGION 5\\OneDrive\\Desktop\\SWT_TESTING\\pickleball-booking-system-main\\tools\\build_pcs_summary_deck.mjs": {"lines":{"total":220,"covered":0,"skipped":0,"pct":0},"functions":{"total":1,"covered":0,"skipped":0,"pct":0},"statements":{"total":220,"covered":0,"skipped":0,"pct":0},"branches":{"total":1,"covered":0,"skipped":0,"pct":0}}
}
